
Showing logs for build [32mseldonio-seldon-core-pr-1183-li-b88zz-9[0m stage [32mpython-lint-task[0m and container [32mstep-credential-initializer-wnczs[0m
{"level":"warn","ts":1575482069.7845376,"logger":"fallback-logger","caller":"logging/config.go:69","msg":"Fetch GitHub commit ID from kodata failed: \"ref: refs/heads/master\" is not a valid GitHub commit ID"}
{"level":"info","ts":1575482069.7849643,"logger":"fallback-logger","caller":"creds-init/main.go:40","msg":"Credentials initialized."}

Showing logs for build [32mseldonio-seldon-core-pr-1183-li-b88zz-9[0m stage [32mpython-lint-task[0m and container [32mstep-working-dir-initializer-95th6[0m
{"level":"warn","ts":1575482070.4395766,"logger":"fallback-logger","caller":"logging/config.go:69","msg":"Fetch GitHub commit ID from kodata failed: open /var/run/ko/HEAD: no such file or directory"}
{"level":"info","ts":1575482070.441653,"logger":"fallback-logger","caller":"bash/main.go:65","msg":"Successfully executed command \"mkdir -p /workspace/source\""}

Showing logs for build [32mseldonio-seldon-core-pr-1183-li-b88zz-9[0m stage [32mpython-lint-task[0m and container [32mstep-place-tools[0m

Showing logs for build [32mseldonio-seldon-core-pr-1183-li-b88zz-9[0m stage [32mpython-lint-task[0m and container [32mstep-git-source-seldonio-seldon-core-pr-1183-li-l2hl7[0m
{"level":"warn","ts":1575482077.6078966,"logger":"fallback-logger","caller":"logging/config.go:69","msg":"Fetch GitHub commit ID from kodata failed: \"ref: refs/heads/master\" is not a valid GitHub commit ID"}
{"level":"info","ts":1575482081.041535,"logger":"fallback-logger","caller":"git/git.go:102","msg":"Successfully cloned https://github.com/SeldonIO/seldon-core.git @ master in path /workspace/source"}

Showing logs for build [32mseldonio-seldon-core-pr-1183-li-b88zz-9[0m stage [32mpython-lint-task[0m and container [32mstep-git-merge[0m
Using SHAs from PULL_REFS=master:2c8f398819e21c6ed593d12c025fde30d4ad77b8,1183:79029dab80c26425ceabee94288497beffeb9497
DEBUG: ran git fetch --unshallow origin 79029dab80c26425ceabee94288497beffeb9497: 2c8f398819e21c6ed593d12c025fde30d4ad77b8: in 
DEBUG: ran git checkout master in 
DEBUG: ran git reset --hard 2c8f398819e21c6ed593d12c025fde30d4ad77b8 in 
DEBUG: ran clean --force -d . in 
DEBUG: ran git merge 79029dab80c26425ceabee94288497beffeb9497 in 
Merged SHA 52e7150ddbe06cbf1d48a37cd1e8f4869c22bfe6 with commit message 'Merge commit '79029dab80c26425ceabee94288497beffeb9497'' into base branch master
Merged SHA 79029dab80c26425ceabee94288497beffeb9497 with commit message 'only need to exclude timestamp from diff, not all metadata' into base branch master
Merged SHA b7ece7d583361db5e6afdc6f94601db8b15c060d with commit message 'take out unnecessary logging' into base branch master
Merged SHA fd83ceb19bbdeaf6c8e9619be35c32ba348b60dc with commit message 'minimize rolling updates to main predictor' into base branch master

Showing logs for build [32mseldonio-seldon-core-pr-1183-li-b88zz-9[0m stage [32mpython-lint-task[0m and container [32mstep-python-lint[0m
make: Entering directory '/workspace/source/python'
pip install black==19.3b0
Collecting black==19.3b0
  Downloading https://files.pythonhosted.org/packages/30/62/cf549544a5fe990bbaeca21e9c419501b2de7a701ab0afb377bc81676600/black-19.3b0-py36-none-any.whl (89kB)
Collecting click>=6.5
  Downloading https://files.pythonhosted.org/packages/fa/37/45185cb5abbc30d7257104c434fe0b07e5a195a6847506c074527aa599ec/Click-7.0-py2.py3-none-any.whl (81kB)
Collecting toml>=0.9.4
  Downloading https://files.pythonhosted.org/packages/a2/12/ced7105d2de62fa7c8fb5fce92cc4ce66b57c95fb875e9318dba7f8c5db0/toml-0.10.0-py2.py3-none-any.whl
Collecting attrs>=18.1.0
  Downloading https://files.pythonhosted.org/packages/a2/db/4313ab3be961f7a763066401fb77f7748373b6094076ae2bda2806988af6/attrs-19.3.0-py2.py3-none-any.whl
Collecting appdirs
  Downloading https://files.pythonhosted.org/packages/56/eb/810e700ed1349edde4cbdc1b2a21e28cdf115f9faf263f6bbf8447c1abf3/appdirs-1.4.3-py2.py3-none-any.whl
Installing collected packages: click, toml, attrs, appdirs, black
Successfully installed appdirs-1.4.3 attrs-19.3.0 black-19.3b0 click-7.0 toml-0.10.0
black \
	--check ./ ../testing \
	--exclude "(testing/scripts/proto|seldon_core/proto/|.eggs|.tox)"
All done! ✨ 🍰 ✨
49 files would be left unchanged.
make: Leaving directory '/workspace/source/python'
