
Showing logs for build [32mseldonio-seldon-core-pr-1229-li-7pl89-12[0m stage [32mpr-build-comment[0m and container [32mstep-credential-initializer-w6zvk[0m
{"level":"warn","ts":1576055961.6432223,"logger":"fallback-logger","caller":"logging/config.go:69","msg":"Fetch GitHub commit ID from kodata failed: \"ref: refs/heads/master\" is not a valid GitHub commit ID"}
{"level":"info","ts":1576055961.6438487,"logger":"fallback-logger","caller":"creds-init/main.go:40","msg":"Credentials initialized."}

Showing logs for build [32mseldonio-seldon-core-pr-1229-li-7pl89-12[0m stage [32mpr-build-comment[0m and container [32mstep-working-dir-initializer-xgfjs[0m
{"level":"warn","ts":1576055962.703505,"logger":"fallback-logger","caller":"logging/config.go:69","msg":"Fetch GitHub commit ID from kodata failed: open /var/run/ko/HEAD: no such file or directory"}
{"level":"info","ts":1576055962.705143,"logger":"fallback-logger","caller":"bash/main.go:65","msg":"Successfully executed command \"mkdir -p /workspace/source\""}

Showing logs for build [32mseldonio-seldon-core-pr-1229-li-7pl89-12[0m stage [32mpr-build-comment[0m and container [32mstep-place-tools[0m

Showing logs for build [32mseldonio-seldon-core-pr-1229-li-7pl89-12[0m stage [32mpr-build-comment[0m and container [32mstep-git-source-seldonio-seldon-core-pr-1229-li-zfw8c[0m
{"level":"warn","ts":1576055967.8854663,"logger":"fallback-logger","caller":"logging/config.go:69","msg":"Fetch GitHub commit ID from kodata failed: \"ref: refs/heads/master\" is not a valid GitHub commit ID"}
{"level":"info","ts":1576055972.0287986,"logger":"fallback-logger","caller":"git/git.go:102","msg":"Successfully cloned https://github.com/SeldonIO/seldon-core.git @ master in path /workspace/source"}

Showing logs for build [32mseldonio-seldon-core-pr-1229-li-7pl89-12[0m stage [32mpr-build-comment[0m and container [32mstep-git-merge[0m
Using SHAs from PULL_REFS=master:8705ef7986c70b822238a08257d6e19093e46406,1229:ee0ec1e65680cf2895f49b4eefc38e082a599c28
DEBUG: ran git fetch --unshallow origin ee0ec1e65680cf2895f49b4eefc38e082a599c28: 8705ef7986c70b822238a08257d6e19093e46406: in 
DEBUG: ran git checkout master in 
DEBUG: ran git reset --hard 8705ef7986c70b822238a08257d6e19093e46406 in 
DEBUG: ran clean --force -d . in 
DEBUG: ran git merge ee0ec1e65680cf2895f49b4eefc38e082a599c28 in 
Merged SHA ee0ec1e65680cf2895f49b4eefc38e082a599c28 with commit message 'Add new versions to PROJECT' into base branch master
Merged SHA c71c7256e08344bbb3be4b28f18fa8a714c2c3ea with commit message 'Update CRD an webhook manifest' into base branch master
Merged SHA 86b129f8b011512cf2a8f0d5d2073f3ec0d53749 with commit message 'Add v1alpha3 package' into base branch master
Merged SHA bc892d3b0d9bf1b21139fce463bef4855c5c7fb7 with commit message 'Set v1 as storagevesion' into base branch master
Merged SHA 9eecc482c85330fef2a30e35310eb643a4e0478c with commit message 'Point imports to v1' into base branch master
Merged SHA 36a08eea5caacdb0ced12c5402f6d90d536d8132 with commit message 'Add v1 of the CRD' into base branch master

Showing logs for build [32mseldonio-seldon-core-pr-1229-li-7pl89-12[0m stage [32mpr-build-comment[0m and container [32mstep-step2[0m
+++ dirname ./add-pr-build-comment
++ cd .
++ pwd
+ STARTUP_DIR=/workspace/source/ci
+ REPO_OWNER=SeldonIO
+ REPO_NAME=seldon-core
+ PULL_NUMBER=1229
+ BUILD_NUMBER=12
+ PIPELINE_CONTEXT=lint
++ cat
+++ date
+ COMMENT_MSG='Wed Dec 11 09:19:37 UTC 2019
The logs for [lint] [12] will show after the pipeline context has finished.  
https://github.com/SeldonIO/seldon-core/blob/gh-pages/jenkins-x/logs/SeldonIO/seldon-core/PR-1229/12.log

impatient try  
** get build logs SeldonIO/seldon-core/PR-1229 --build=12'
+ ** step pr comment --owner=SeldonIO --repository=seldon-core --pull-request=1229 '--comment=Wed Dec 11 09:19:37 UTC 2019
The logs for [lint] [12] will show after the pipeline context has finished.  
https://github.com/SeldonIO/seldon-core/blob/gh-pages/jenkins-x/logs/SeldonIO/seldon-core/PR-1229/12.log

impatient try  
** get build logs SeldonIO/seldon-core/PR-1229 --build=12'

Showing logs for build [32mseldonio-seldon-core-pr-1229-li-7pl89-12[0m stage [32mpr-build-comment[0m and container [32mstep-source-mkdir-seldonio-seldon-core-pr-1229-li-5hjkh[0m
{"level":"warn","ts":1576055980.1086907,"logger":"fallback-logger","caller":"logging/config.go:69","msg":"Fetch GitHub commit ID from kodata failed: open /var/run/ko/HEAD: no such file or directory"}
{"level":"info","ts":1576055980.1290429,"logger":"fallback-logger","caller":"bash/main.go:65","msg":"Successfully executed command \"mkdir -p /pvc/pr-build-comment/workspace\""}

Showing logs for build [32mseldonio-seldon-core-pr-1229-li-7pl89-12[0m stage [32mpr-build-comment[0m and container [32mstep-source-copy-seldonio-seldon-core-pr-1229-li-gnrzk[0m
{"level":"warn","ts":1576055980.3803155,"logger":"fallback-logger","caller":"logging/config.go:69","msg":"Fetch GitHub commit ID from kodata failed: open /var/run/ko/HEAD: no such file or directory"}
{"level":"info","ts":1576055980.6406684,"logger":"fallback-logger","caller":"bash/main.go:65","msg":"Successfully executed command \"cp -r /workspace/source/. /pvc/pr-build-comment/workspace\""}

Showing logs for build [32mseldonio-seldon-core-pr-1229-li-7pl89-12[0m stage [32mpython-lint-task[0m and container [32mstep-credential-initializer-npc94[0m
{"level":"warn","ts":1576056018.950463,"logger":"fallback-logger","caller":"logging/config.go:69","msg":"Fetch GitHub commit ID from kodata failed: \"ref: refs/heads/master\" is not a valid GitHub commit ID"}
{"level":"info","ts":1576056018.9512014,"logger":"fallback-logger","caller":"creds-init/main.go:40","msg":"Credentials initialized."}

Showing logs for build [32mseldonio-seldon-core-pr-1229-li-7pl89-12[0m stage [32mpython-lint-task[0m and container [32mstep-working-dir-initializer-tgzr9[0m
{"level":"warn","ts":1576056020.557499,"logger":"fallback-logger","caller":"logging/config.go:69","msg":"Fetch GitHub commit ID from kodata failed: open /var/run/ko/HEAD: no such file or directory"}
{"level":"info","ts":1576056020.559165,"logger":"fallback-logger","caller":"bash/main.go:65","msg":"Successfully executed command \"mkdir -p /workspace/source\""}

Showing logs for build [32mseldonio-seldon-core-pr-1229-li-7pl89-12[0m stage [32mpython-lint-task[0m and container [32mstep-place-tools[0m

Showing logs for build [32mseldonio-seldon-core-pr-1229-li-7pl89-12[0m stage [32mpython-lint-task[0m and container [32mstep-create-dir-workspace-xkqll[0m
{"level":"warn","ts":1576056028.6258,"logger":"fallback-logger","caller":"logging/config.go:69","msg":"Fetch GitHub commit ID from kodata failed: open /var/run/ko/HEAD: no such file or directory"}
{"level":"info","ts":1576056028.6285326,"logger":"fallback-logger","caller":"bash/main.go:65","msg":"Successfully executed command \"mkdir -p /workspace/source\""}

Showing logs for build [32mseldonio-seldon-core-pr-1229-li-7pl89-12[0m stage [32mpython-lint-task[0m and container [32mstep-source-copy-workspace-f92kr[0m
{"level":"warn","ts":1576056029.1684976,"logger":"fallback-logger","caller":"logging/config.go:69","msg":"Fetch GitHub commit ID from kodata failed: open /var/run/ko/HEAD: no such file or directory"}
{"level":"info","ts":1576056031.7704742,"logger":"fallback-logger","caller":"bash/main.go:65","msg":"Successfully executed command \"cp -r /pvc/pr-build-comment/workspace/. /workspace/source\""}

Showing logs for build [32mseldonio-seldon-core-pr-1229-li-7pl89-12[0m stage [32mpython-lint-task[0m and container [32mstep-python-lint[0m
make: Entering directory '/workspace/source/python'
pip install black==19.3b0
Collecting black==19.3b0
  Downloading https://files.pythonhosted.org/packages/30/62/cf549544a5fe990bbaeca21e9c419501b2de7a701ab0afb377bc81676600/black-19.3b0-py36-none-any.whl (89kB)
Collecting appdirs
  Downloading https://files.pythonhosted.org/packages/56/eb/810e700ed1349edde4cbdc1b2a21e28cdf115f9faf263f6bbf8447c1abf3/appdirs-1.4.3-py2.py3-none-any.whl
Collecting click>=6.5
  Downloading https://files.pythonhosted.org/packages/fa/37/45185cb5abbc30d7257104c434fe0b07e5a195a6847506c074527aa599ec/Click-7.0-py2.py3-none-any.whl (81kB)
Collecting toml>=0.9.4
  Downloading https://files.pythonhosted.org/packages/a2/12/ced7105d2de62fa7c8fb5fce92cc4ce66b57c95fb875e9318dba7f8c5db0/toml-0.10.0-py2.py3-none-any.whl
Collecting attrs>=18.1.0
  Downloading https://files.pythonhosted.org/packages/a2/db/4313ab3be961f7a763066401fb77f7748373b6094076ae2bda2806988af6/attrs-19.3.0-py2.py3-none-any.whl
Installing collected packages: appdirs, click, toml, attrs, black
Successfully installed appdirs-1.4.3 attrs-19.3.0 black-19.3b0 click-7.0 toml-0.10.0
black \
	--check ./ ../testing \
	--exclude "(testing/scripts/proto|seldon_core/proto/|.eggs|.tox)"
All done! ✨ 🍰 ✨
49 files would be left unchanged.
make: Leaving directory '/workspace/source/python'
