
Showing logs for build [32mseldonio-seldon-core-pr-1229-li-4g45x-14[0m stage [32mpr-build-comment[0m and container [32mstep-credential-initializer-4xntq[0m
{"level":"warn","ts":1576070967.5239112,"logger":"fallback-logger","caller":"logging/config.go:69","msg":"Fetch GitHub commit ID from kodata failed: \"ref: refs/heads/master\" is not a valid GitHub commit ID"}
{"level":"info","ts":1576070967.5244622,"logger":"fallback-logger","caller":"creds-init/main.go:40","msg":"Credentials initialized."}

Showing logs for build [32mseldonio-seldon-core-pr-1229-li-4g45x-14[0m stage [32mpr-build-comment[0m and container [32mstep-working-dir-initializer-gtdhs[0m
{"level":"warn","ts":1576070968.6837146,"logger":"fallback-logger","caller":"logging/config.go:69","msg":"Fetch GitHub commit ID from kodata failed: open /var/run/ko/HEAD: no such file or directory"}
{"level":"info","ts":1576070968.6854608,"logger":"fallback-logger","caller":"bash/main.go:65","msg":"Successfully executed command \"mkdir -p /workspace/source\""}

Showing logs for build [32mseldonio-seldon-core-pr-1229-li-4g45x-14[0m stage [32mpr-build-comment[0m and container [32mstep-place-tools[0m

Showing logs for build [32mseldonio-seldon-core-pr-1229-li-4g45x-14[0m stage [32mpr-build-comment[0m and container [32mstep-git-source-seldonio-seldon-core-pr-1229-li-hd4jd[0m
{"level":"warn","ts":1576070975.842135,"logger":"fallback-logger","caller":"logging/config.go:69","msg":"Fetch GitHub commit ID from kodata failed: \"ref: refs/heads/master\" is not a valid GitHub commit ID"}
{"level":"info","ts":1576070979.2649643,"logger":"fallback-logger","caller":"git/git.go:102","msg":"Successfully cloned https://github.com/SeldonIO/seldon-core.git @ master in path /workspace/source"}

Showing logs for build [32mseldonio-seldon-core-pr-1229-li-4g45x-14[0m stage [32mpr-build-comment[0m and container [32mstep-git-merge[0m
Using SHAs from PULL_REFS=master:5bf3894fdedcc5c7e67f792d9408a26b2ad5c0e2,1229:7cf3a40af11d858fbc21b05f0211aee84754f11f
DEBUG: ran git fetch --unshallow origin 7cf3a40af11d858fbc21b05f0211aee84754f11f: 5bf3894fdedcc5c7e67f792d9408a26b2ad5c0e2: in 
DEBUG: ran git checkout master in 
DEBUG: ran git reset --hard 5bf3894fdedcc5c7e67f792d9408a26b2ad5c0e2 in 
DEBUG: ran clean --force -d . in 
DEBUG: ran git merge 7cf3a40af11d858fbc21b05f0211aee84754f11f in 
Merged SHA 7cf3a40af11d858fbc21b05f0211aee84754f11f with commit message 'Apply changes to api/v1 and api/v1alpha3' into base branch master
Merged SHA 2cb4cb749751e9bcd60361f8cef6118098dbae19 with commit message 'Add new versions to PROJECT' into base branch master
Merged SHA 34e844d421a1c9a3eb78f4dc523ce84be3ce12fe with commit message 'Update CRD an webhook manifest' into base branch master
Merged SHA 7b4670c4536ffeb0e2029165b1866f784b6cbc54 with commit message 'Add v1alpha3 package' into base branch master
Merged SHA 126751a2a150dda53dcd728ecea507a9ff66c633 with commit message 'Set v1 as storagevesion' into base branch master
Merged SHA d4de26841b2f2e3975cb9a985757fdf9ccdb0399 with commit message 'Point imports to v1' into base branch master
Merged SHA fa84d607d706ad69b49e0bcf370620835f534841 with commit message 'Add v1 of the CRD' into base branch master

Showing logs for build [32mseldonio-seldon-core-pr-1229-li-4g45x-14[0m stage [32mpr-build-comment[0m and container [32mstep-step2[0m
+++ dirname ./add-pr-build-comment
++ cd .
++ pwd
+ STARTUP_DIR=/workspace/source/ci
+ REPO_OWNER=SeldonIO
+ REPO_NAME=seldon-core
+ PULL_NUMBER=1229
+ BUILD_NUMBER=14
+ PIPELINE_CONTEXT=lint
++ cat
+++ date
+ COMMENT_MSG='Wed Dec 11 13:29:45 UTC 2019
The logs for [lint] [14] will show after the pipeline context has finished.  
https://github.com/SeldonIO/seldon-core/blob/gh-pages/jenkins-x/logs/SeldonIO/seldon-core/PR-1229/14.log

impatient try  
** get build logs SeldonIO/seldon-core/PR-1229 --build=14'
+ ** step pr comment --owner=SeldonIO --repository=seldon-core --pull-request=1229 '--comment=Wed Dec 11 13:29:45 UTC 2019
The logs for [lint] [14] will show after the pipeline context has finished.  
https://github.com/SeldonIO/seldon-core/blob/gh-pages/jenkins-x/logs/SeldonIO/seldon-core/PR-1229/14.log

impatient try  
** get build logs SeldonIO/seldon-core/PR-1229 --build=14'

Showing logs for build [32mseldonio-seldon-core-pr-1229-li-4g45x-14[0m stage [32mpr-build-comment[0m and container [32mstep-source-mkdir-seldonio-seldon-core-pr-1229-li-ll4rm[0m
{"level":"warn","ts":1576070988.6533866,"logger":"fallback-logger","caller":"logging/config.go:69","msg":"Fetch GitHub commit ID from kodata failed: open /var/run/ko/HEAD: no such file or directory"}
{"level":"info","ts":1576070988.6571615,"logger":"fallback-logger","caller":"bash/main.go:65","msg":"Successfully executed command \"mkdir -p /pvc/pr-build-comment/workspace\""}

Showing logs for build [32mseldonio-seldon-core-pr-1229-li-4g45x-14[0m stage [32mpr-build-comment[0m and container [32mstep-source-copy-seldonio-seldon-core-pr-1229-li-jr5gw[0m
{"level":"warn","ts":1576070988.9574735,"logger":"fallback-logger","caller":"logging/config.go:69","msg":"Fetch GitHub commit ID from kodata failed: open /var/run/ko/HEAD: no such file or directory"}
{"level":"info","ts":1576070989.222503,"logger":"fallback-logger","caller":"bash/main.go:65","msg":"Successfully executed command \"cp -r /workspace/source/. /pvc/pr-build-comment/workspace\""}

Showing logs for build [32mseldonio-seldon-core-pr-1229-li-4g45x-14[0m stage [32mpython-lint-task[0m and container [32mstep-credential-initializer-cbkw6[0m
{"level":"warn","ts":1576071027.8403764,"logger":"fallback-logger","caller":"logging/config.go:69","msg":"Fetch GitHub commit ID from kodata failed: \"ref: refs/heads/master\" is not a valid GitHub commit ID"}
{"level":"info","ts":1576071027.840925,"logger":"fallback-logger","caller":"creds-init/main.go:40","msg":"Credentials initialized."}

Showing logs for build [32mseldonio-seldon-core-pr-1229-li-4g45x-14[0m stage [32mpython-lint-task[0m and container [32mstep-working-dir-initializer-zx7px[0m
{"level":"warn","ts":1576071028.818599,"logger":"fallback-logger","caller":"logging/config.go:69","msg":"Fetch GitHub commit ID from kodata failed: open /var/run/ko/HEAD: no such file or directory"}
{"level":"info","ts":1576071028.81994,"logger":"fallback-logger","caller":"bash/main.go:65","msg":"Successfully executed command \"mkdir -p /workspace/source\""}

Showing logs for build [32mseldonio-seldon-core-pr-1229-li-4g45x-14[0m stage [32mpython-lint-task[0m and container [32mstep-place-tools[0m

Showing logs for build [32mseldonio-seldon-core-pr-1229-li-4g45x-14[0m stage [32mpython-lint-task[0m and container [32mstep-create-dir-workspace-72dqd[0m
{"level":"warn","ts":1576071036.1509597,"logger":"fallback-logger","caller":"logging/config.go:69","msg":"Fetch GitHub commit ID from kodata failed: open /var/run/ko/HEAD: no such file or directory"}
{"level":"info","ts":1576071036.1524723,"logger":"fallback-logger","caller":"bash/main.go:65","msg":"Successfully executed command \"mkdir -p /workspace/source\""}

Showing logs for build [32mseldonio-seldon-core-pr-1229-li-4g45x-14[0m stage [32mpython-lint-task[0m and container [32mstep-source-copy-workspace-fnsnm[0m
{"level":"warn","ts":1576071036.4497015,"logger":"fallback-logger","caller":"logging/config.go:69","msg":"Fetch GitHub commit ID from kodata failed: open /var/run/ko/HEAD: no such file or directory"}
{"level":"info","ts":1576071039.682953,"logger":"fallback-logger","caller":"bash/main.go:65","msg":"Successfully executed command \"cp -r /pvc/pr-build-comment/workspace/. /workspace/source\""}

Showing logs for build [32mseldonio-seldon-core-pr-1229-li-4g45x-14[0m stage [32mpython-lint-task[0m and container [32mstep-python-lint[0m
make: Entering directory '/workspace/source/python'
pip install black==19.3b0
Collecting black==19.3b0
  Downloading https://files.pythonhosted.org/packages/30/62/cf549544a5fe990bbaeca21e9c419501b2de7a701ab0afb377bc81676600/black-19.3b0-py36-none-any.whl (89kB)
Collecting attrs>=18.1.0
  Downloading https://files.pythonhosted.org/packages/a2/db/4313ab3be961f7a763066401fb77f7748373b6094076ae2bda2806988af6/attrs-19.3.0-py2.py3-none-any.whl
Collecting click>=6.5
  Downloading https://files.pythonhosted.org/packages/fa/37/45185cb5abbc30d7257104c434fe0b07e5a195a6847506c074527aa599ec/Click-7.0-py2.py3-none-any.whl (81kB)
Collecting appdirs
  Downloading https://files.pythonhosted.org/packages/56/eb/810e700ed1349edde4cbdc1b2a21e28cdf115f9faf263f6bbf8447c1abf3/appdirs-1.4.3-py2.py3-none-any.whl
Collecting toml>=0.9.4
  Downloading https://files.pythonhosted.org/packages/a2/12/ced7105d2de62fa7c8fb5fce92cc4ce66b57c95fb875e9318dba7f8c5db0/toml-0.10.0-py2.py3-none-any.whl
Installing collected packages: attrs, click, appdirs, toml, black
Successfully installed appdirs-1.4.3 attrs-19.3.0 black-19.3b0 click-7.0 toml-0.10.0
black \
	--check ./ ../testing \
	--exclude "(testing/scripts/proto|seldon_core/proto/|.eggs|.tox)"
All done! ✨ 🍰 ✨
50 files would be left unchanged.
make: Leaving directory '/workspace/source/python'
