
Showing logs for build [32mseldonio-seldon-core-pr-1229-li-2[0m stage [32mpr-build-comment[0m and container [32mstep-credential-initializer-f64nc[0m
{"level":"warn","ts":1575971676.7814655,"logger":"fallback-logger","caller":"logging/config.go:69","msg":"Fetch GitHub commit ID from kodata failed: \"ref: refs/heads/master\" is not a valid GitHub commit ID"}
{"level":"info","ts":1575971676.781904,"logger":"fallback-logger","caller":"creds-init/main.go:40","msg":"Credentials initialized."}

Showing logs for build [32mseldonio-seldon-core-pr-1229-li-2[0m stage [32mpr-build-comment[0m and container [32mstep-working-dir-initializer-5j6ps[0m
{"level":"warn","ts":1575971677.310199,"logger":"fallback-logger","caller":"logging/config.go:69","msg":"Fetch GitHub commit ID from kodata failed: open /var/run/ko/HEAD: no such file or directory"}
{"level":"info","ts":1575971677.3117924,"logger":"fallback-logger","caller":"bash/main.go:65","msg":"Successfully executed command \"mkdir -p /workspace/source\""}

Showing logs for build [32mseldonio-seldon-core-pr-1229-li-2[0m stage [32mpr-build-comment[0m and container [32mstep-place-tools[0m

Showing logs for build [32mseldonio-seldon-core-pr-1229-li-2[0m stage [32mpr-build-comment[0m and container [32mstep-git-source-seldonio-seldon-core-pr-1229-li-b8pb8[0m
{"level":"warn","ts":1575971682.399559,"logger":"fallback-logger","caller":"logging/config.go:69","msg":"Fetch GitHub commit ID from kodata failed: \"ref: refs/heads/master\" is not a valid GitHub commit ID"}
{"level":"info","ts":1575971685.1640172,"logger":"fallback-logger","caller":"git/git.go:102","msg":"Successfully cloned https://github.com/SeldonIO/seldon-core.git @ master in path /workspace/source"}

Showing logs for build [32mseldonio-seldon-core-pr-1229-li-2[0m stage [32mpr-build-comment[0m and container [32mstep-git-merge[0m
Using SHAs from PULL_REFS=master:28236667a779aef0fb4c38eff044f5d45c28c69a,1229:2aada06bf7eb0f88e5dfcd80255217aa8bb12e24
DEBUG: ran git fetch --unshallow origin 2aada06bf7eb0f88e5dfcd80255217aa8bb12e24: 28236667a779aef0fb4c38eff044f5d45c28c69a: in 
DEBUG: ran git checkout master in 
DEBUG: ran git reset --hard 28236667a779aef0fb4c38eff044f5d45c28c69a in 
DEBUG: ran clean --force -d . in 
DEBUG: ran git merge 2aada06bf7eb0f88e5dfcd80255217aa8bb12e24 in 
Merged SHA ccd4db6618a85b1fdea525c6b8e200652390e8f1 with commit message 'Merge commit '2aada06bf7eb0f88e5dfcd80255217aa8bb12e24'' into base branch master
Merged SHA 2aada06bf7eb0f88e5dfcd80255217aa8bb12e24 with commit message 'Change 'source-of-truth' package' into base branch master
Merged SHA 9eda5db71fef101c6779f9d1f6d46082ff8e1e2e with commit message 'Add version v1 and set as storage version' into base branch master
Merged SHA 49bc19e4cd732aac403fa88d596ec5611ecb7e54 with commit message 'Generate manifests with v1alpha3' into base branch master
Merged SHA a8391b6e7c91258571351586487dce943c820a1b with commit message 'Add back v1alpha3' into base branch master

Showing logs for build [32mseldonio-seldon-core-pr-1229-li-2[0m stage [32mpr-build-comment[0m and container [32mstep-step2[0m
+++ dirname ./add-pr-build-comment
++ cd .
++ pwd
+ STARTUP_DIR=/workspace/source/ci
+ REPO_OWNER=SeldonIO
+ REPO_NAME=seldon-core
+ PULL_NUMBER=1229
+ BUILD_NUMBER=2
+ PIPELINE_CONTEXT=lint
++ cat
+++ date
+ COMMENT_MSG='Tue Dec 10 09:54:50 UTC 2019
The logs for [lint] [2] will show after the pipeline context has finished.  
https://github.com/SeldonIO/seldon-core/blob/gh-pages/jenkins-x/logs/SeldonIO/seldon-core/PR-1229/2.log

impatient try  
** get build logs SeldonIO/seldon-core/PR-1229 --build=2'
+ ** step pr comment --owner=SeldonIO --repository=seldon-core --pull-request=1229 '--comment=Tue Dec 10 09:54:50 UTC 2019
The logs for [lint] [2] will show after the pipeline context has finished.  
https://github.com/SeldonIO/seldon-core/blob/gh-pages/jenkins-x/logs/SeldonIO/seldon-core/PR-1229/2.log

impatient try  
** get build logs SeldonIO/seldon-core/PR-1229 --build=2'

Showing logs for build [32mseldonio-seldon-core-pr-1229-li-2[0m stage [32mpr-build-comment[0m and container [32mstep-source-mkdir-seldonio-seldon-core-pr-1229-li-llt5v[0m
{"level":"warn","ts":1575971694.1314907,"logger":"fallback-logger","caller":"logging/config.go:69","msg":"Fetch GitHub commit ID from kodata failed: open /var/run/ko/HEAD: no such file or directory"}
{"level":"info","ts":1575971694.1348844,"logger":"fallback-logger","caller":"bash/main.go:65","msg":"Successfully executed command \"mkdir -p /pvc/pr-build-comment/workspace\""}

Showing logs for build [32mseldonio-seldon-core-pr-1229-li-2[0m stage [32mpr-build-comment[0m and container [32mstep-source-copy-seldonio-seldon-core-pr-1229-li-blql6[0m
{"level":"warn","ts":1575971694.38638,"logger":"fallback-logger","caller":"logging/config.go:69","msg":"Fetch GitHub commit ID from kodata failed: open /var/run/ko/HEAD: no such file or directory"}
{"level":"info","ts":1575971694.640044,"logger":"fallback-logger","caller":"bash/main.go:65","msg":"Successfully executed command \"cp -r /workspace/source/. /pvc/pr-build-comment/workspace\""}

Showing logs for build [32mseldonio-seldon-core-pr-1229-li-2[0m stage [32mpython-lint-task[0m and container [32mstep-credential-initializer-tjxkl[0m
{"level":"warn","ts":1575971722.3191466,"logger":"fallback-logger","caller":"logging/config.go:69","msg":"Fetch GitHub commit ID from kodata failed: \"ref: refs/heads/master\" is not a valid GitHub commit ID"}
{"level":"info","ts":1575971722.319762,"logger":"fallback-logger","caller":"creds-init/main.go:40","msg":"Credentials initialized."}

Showing logs for build [32mseldonio-seldon-core-pr-1229-li-2[0m stage [32mpython-lint-task[0m and container [32mstep-working-dir-initializer-5sm2g[0m
{"level":"warn","ts":1575971723.4027731,"logger":"fallback-logger","caller":"logging/config.go:69","msg":"Fetch GitHub commit ID from kodata failed: open /var/run/ko/HEAD: no such file or directory"}
{"level":"info","ts":1575971723.4044578,"logger":"fallback-logger","caller":"bash/main.go:65","msg":"Successfully executed command \"mkdir -p /workspace/source\""}

Showing logs for build [32mseldonio-seldon-core-pr-1229-li-2[0m stage [32mpython-lint-task[0m and container [32mstep-place-tools[0m

Showing logs for build [32mseldonio-seldon-core-pr-1229-li-2[0m stage [32mpython-lint-task[0m and container [32mstep-create-dir-workspace-vkmgj[0m
{"level":"warn","ts":1575971727.5666437,"logger":"fallback-logger","caller":"logging/config.go:69","msg":"Fetch GitHub commit ID from kodata failed: open /var/run/ko/HEAD: no such file or directory"}
{"level":"info","ts":1575971727.5681455,"logger":"fallback-logger","caller":"bash/main.go:65","msg":"Successfully executed command \"mkdir -p /workspace/source\""}

Showing logs for build [32mseldonio-seldon-core-pr-1229-li-2[0m stage [32mpython-lint-task[0m and container [32mstep-source-copy-workspace-98tmq[0m
{"level":"warn","ts":1575971727.92133,"logger":"fallback-logger","caller":"logging/config.go:69","msg":"Fetch GitHub commit ID from kodata failed: open /var/run/ko/HEAD: no such file or directory"}
{"level":"info","ts":1575971729.8228471,"logger":"fallback-logger","caller":"bash/main.go:65","msg":"Successfully executed command \"cp -r /pvc/pr-build-comment/workspace/. /workspace/source\""}

Showing logs for build [32mseldonio-seldon-core-pr-1229-li-2[0m stage [32mpython-lint-task[0m and container [32mstep-python-lint[0m
make: Entering directory '/workspace/source/python'
pip install black==19.3b0
Collecting black==19.3b0
  Downloading https://files.pythonhosted.org/packages/30/62/cf549544a5fe990bbaeca21e9c419501b2de7a701ab0afb377bc81676600/black-19.3b0-py36-none-any.whl (89kB)
Collecting toml>=0.9.4
  Downloading https://files.pythonhosted.org/packages/a2/12/ced7105d2de62fa7c8fb5fce92cc4ce66b57c95fb875e9318dba7f8c5db0/toml-0.10.0-py2.py3-none-any.whl
Collecting attrs>=18.1.0
  Downloading https://files.pythonhosted.org/packages/a2/db/4313ab3be961f7a763066401fb77f7748373b6094076ae2bda2806988af6/attrs-19.3.0-py2.py3-none-any.whl
Collecting click>=6.5
  Downloading https://files.pythonhosted.org/packages/fa/37/45185cb5abbc30d7257104c434fe0b07e5a195a6847506c074527aa599ec/Click-7.0-py2.py3-none-any.whl (81kB)
Collecting appdirs
  Downloading https://files.pythonhosted.org/packages/56/eb/810e700ed1349edde4cbdc1b2a21e28cdf115f9faf263f6bbf8447c1abf3/appdirs-1.4.3-py2.py3-none-any.whl
Installing collected packages: toml, attrs, click, appdirs, black
Successfully installed appdirs-1.4.3 attrs-19.3.0 black-19.3b0 click-7.0 toml-0.10.0
black \
	--check ./ ../testing \
	--exclude "(testing/scripts/proto|seldon_core/proto/|.eggs|.tox)"
All done! ✨ 🍰 ✨
49 files would be left unchanged.
make: Leaving directory '/workspace/source/python'
