
Showing logs for build [32mmeta-seldonio-seldon-core-pr-12-rdvbh-4[0m stage [32mmeta-pipeline[0m and container [32mstep-credential-initializer-sxg4m[0m
{"level":"warn","ts":1575986101.8927722,"logger":"fallback-logger","caller":"logging/config.go:69","msg":"Fetch GitHub commit ID from kodata failed: \"ref: refs/heads/master\" is not a valid GitHub commit ID"}
{"level":"info","ts":1575986101.893395,"logger":"fallback-logger","caller":"creds-init/main.go:40","msg":"Credentials initialized."}

Showing logs for build [32mmeta-seldonio-seldon-core-pr-12-rdvbh-4[0m stage [32mmeta-pipeline[0m and container [32mstep-working-dir-initializer-m88f2[0m
{"level":"warn","ts":1575986102.4780798,"logger":"fallback-logger","caller":"logging/config.go:69","msg":"Fetch GitHub commit ID from kodata failed: open /var/run/ko/HEAD: no such file or directory"}
{"level":"info","ts":1575986102.4799068,"logger":"fallback-logger","caller":"bash/main.go:65","msg":"Successfully executed command \"mkdir -p /workspace/source\""}

Showing logs for build [32mmeta-seldonio-seldon-core-pr-12-rdvbh-4[0m stage [32mmeta-pipeline[0m and container [32mstep-place-tools[0m

Showing logs for build [32mmeta-seldonio-seldon-core-pr-12-rdvbh-4[0m stage [32mmeta-pipeline[0m and container [32mstep-git-source-meta-seldonio-seldon-core-pr-12-5h7cc[0m
{"level":"warn","ts":1575986107.5831232,"logger":"fallback-logger","caller":"logging/config.go:69","msg":"Fetch GitHub commit ID from kodata failed: \"ref: refs/heads/master\" is not a valid GitHub commit ID"}
{"level":"info","ts":1575986111.2297645,"logger":"fallback-logger","caller":"git/git.go:102","msg":"Successfully cloned https://github.com/SeldonIO/seldon-core.git @ 17df6e0ca7b87f8c0107e8ab199de6e918ec2043 in path /workspace/source"}

Showing logs for build [32mmeta-seldonio-seldon-core-pr-12-rdvbh-4[0m stage [32mmeta-pipeline[0m and container [32mstep-git-merge[0m
Using SHAs from PULL_REFS=master:17df6e0ca7b87f8c0107e8ab199de6e918ec2043,1229:7aed3d56578340eef9107a0f3d50c31c0fecb1a1
DEBUG: ran git fetch --unshallow origin 7aed3d56578340eef9107a0f3d50c31c0fecb1a1: 17df6e0ca7b87f8c0107e8ab199de6e918ec2043: in 
DEBUG: ran git checkout master in 
DEBUG: ran git reset --hard 17df6e0ca7b87f8c0107e8ab199de6e918ec2043 in 
DEBUG: ran clean --force -d . in 
error: error during merge: merging 7aed3d56578340eef9107a0f3d50c31c0fecb1a1 into master: git output: Auto-merging operator/main.go
Auto-merging operator/controllers/seldondeployment_controller.go
Auto-merging operator/api/v1alpha2/seldondeployment_webhook.go
Auto-merging operator/api/v1alpha2/seldondeployment_types.go
CONFLICT (content): Merge conflict in operator/api/v1alpha2/seldondeployment_types.go
Automatic merge failed; fix conflicts and then commit the result.: failed to run 'git merge 7aed3d56578340eef9107a0f3d50c31c0fecb1a1' command in directory '', output: 'Auto-merging operator/main.go
Auto-merging operator/controllers/seldondeployment_controller.go
Auto-merging operator/api/v1alpha2/seldondeployment_webhook.go
Auto-merging operator/api/v1alpha2/seldondeployment_types.go
CONFLICT (content): Merge conflict in operator/api/v1alpha2/seldondeployment_types.go
Automatic merge failed; fix conflicts and then commit the result.'
[31m
Pipeline failed on stage 'meta-pipeline' : container 'step-git-merge'. The execution of the pipeline has stopped.[0m
