
Showing logs for build [32mmeta-seldonio-seldon-core-pr-12-qbqhc-7[0m stage [32mmeta-pipeline[0m and container [32mstep-credential-initializer-kb4t2[0m
{"level":"warn","ts":1576000236.5487583,"logger":"fallback-logger","caller":"logging/config.go:69","msg":"Fetch GitHub commit ID from kodata failed: \"ref: refs/heads/master\" is not a valid GitHub commit ID"}
{"level":"info","ts":1576000236.5492852,"logger":"fallback-logger","caller":"creds-init/main.go:40","msg":"Credentials initialized."}

Showing logs for build [32mmeta-seldonio-seldon-core-pr-12-qbqhc-7[0m stage [32mmeta-pipeline[0m and container [32mstep-working-dir-initializer-4q6s2[0m
{"level":"warn","ts":1576000237.9085429,"logger":"fallback-logger","caller":"logging/config.go:69","msg":"Fetch GitHub commit ID from kodata failed: open /var/run/ko/HEAD: no such file or directory"}
{"level":"info","ts":1576000237.9103544,"logger":"fallback-logger","caller":"bash/main.go:65","msg":"Successfully executed command \"mkdir -p /workspace/source\""}

Showing logs for build [32mmeta-seldonio-seldon-core-pr-12-qbqhc-7[0m stage [32mmeta-pipeline[0m and container [32mstep-place-tools[0m

Showing logs for build [32mmeta-seldonio-seldon-core-pr-12-qbqhc-7[0m stage [32mmeta-pipeline[0m and container [32mstep-git-source-meta-seldonio-seldon-core-pr-12-595zx[0m
{"level":"warn","ts":1576000244.981548,"logger":"fallback-logger","caller":"logging/config.go:69","msg":"Fetch GitHub commit ID from kodata failed: \"ref: refs/heads/master\" is not a valid GitHub commit ID"}
{"level":"info","ts":1576000248.7427785,"logger":"fallback-logger","caller":"git/git.go:102","msg":"Successfully cloned https://github.com/SeldonIO/seldon-core.git @ 8705ef7986c70b822238a08257d6e19093e46406 in path /workspace/source"}

Showing logs for build [32mmeta-seldonio-seldon-core-pr-12-qbqhc-7[0m stage [32mmeta-pipeline[0m and container [32mstep-git-merge[0m
Using SHAs from PULL_REFS=master:8705ef7986c70b822238a08257d6e19093e46406,1229:dcb158985a5a8fe550cda0952d799b4903b1daf2
DEBUG: ran git fetch --unshallow origin dcb158985a5a8fe550cda0952d799b4903b1daf2: 8705ef7986c70b822238a08257d6e19093e46406: in 
DEBUG: ran git checkout master in 
DEBUG: ran git reset --hard 8705ef7986c70b822238a08257d6e19093e46406 in 
DEBUG: ran clean --force -d . in 
error: error during merge: merging dcb158985a5a8fe550cda0952d799b4903b1daf2 into master: git output: Auto-merging operator/controllers/seldondeployment_prepackaged_servers.go
CONFLICT (content): Merge conflict in operator/controllers/seldondeployment_prepackaged_servers.go
Auto-merging operator/controllers/seldondeployment_engine.go
Auto-merging operator/controllers/seldondeployment_controller.go
Automatic merge failed; fix conflicts and then commit the result.: failed to run 'git merge dcb158985a5a8fe550cda0952d799b4903b1daf2' command in directory '', output: 'Auto-merging operator/controllers/seldondeployment_prepackaged_servers.go
CONFLICT (content): Merge conflict in operator/controllers/seldondeployment_prepackaged_servers.go
Auto-merging operator/controllers/seldondeployment_engine.go
Auto-merging operator/controllers/seldondeployment_controller.go
Automatic merge failed; fix conflicts and then commit the result.'
[31m
Pipeline failed on stage 'meta-pipeline' : container 'step-git-merge'. The execution of the pipeline has stopped.[0m

Showing logs for build [32mmeta-seldonio-seldon-core-pr-12-qbqhc-7[0m stage [32mmeta-pipeline[0m and container [32mstep-credential-initializer-kb4t2[0m
{"level":"warn","ts":1576000236.5487583,"logger":"fallback-logger","caller":"logging/config.go:69","msg":"Fetch GitHub commit ID from kodata failed: \"ref: refs/heads/master\" is not a valid GitHub commit ID"}
{"level":"info","ts":1576000236.5492852,"logger":"fallback-logger","caller":"creds-init/main.go:40","msg":"Credentials initialized."}

Showing logs for build [32mmeta-seldonio-seldon-core-pr-12-qbqhc-7[0m stage [32mmeta-pipeline[0m and container [32mstep-working-dir-initializer-4q6s2[0m
{"level":"warn","ts":1576000237.9085429,"logger":"fallback-logger","caller":"logging/config.go:69","msg":"Fetch GitHub commit ID from kodata failed: open /var/run/ko/HEAD: no such file or directory"}
{"level":"info","ts":1576000237.9103544,"logger":"fallback-logger","caller":"bash/main.go:65","msg":"Successfully executed command \"mkdir -p /workspace/source\""}

Showing logs for build [32mmeta-seldonio-seldon-core-pr-12-qbqhc-7[0m stage [32mmeta-pipeline[0m and container [32mstep-place-tools[0m

Showing logs for build [32mmeta-seldonio-seldon-core-pr-12-qbqhc-7[0m stage [32mmeta-pipeline[0m and container [32mstep-git-source-meta-seldonio-seldon-core-pr-12-595zx[0m
{"level":"warn","ts":1576000244.981548,"logger":"fallback-logger","caller":"logging/config.go:69","msg":"Fetch GitHub commit ID from kodata failed: \"ref: refs/heads/master\" is not a valid GitHub commit ID"}
{"level":"info","ts":1576000248.7427785,"logger":"fallback-logger","caller":"git/git.go:102","msg":"Successfully cloned https://github.com/SeldonIO/seldon-core.git @ 8705ef7986c70b822238a08257d6e19093e46406 in path /workspace/source"}

Showing logs for build [32mmeta-seldonio-seldon-core-pr-12-qbqhc-7[0m stage [32mmeta-pipeline[0m and container [32mstep-git-merge[0m
Using SHAs from PULL_REFS=master:8705ef7986c70b822238a08257d6e19093e46406,1229:dcb158985a5a8fe550cda0952d799b4903b1daf2
DEBUG: ran git fetch --unshallow origin dcb158985a5a8fe550cda0952d799b4903b1daf2: 8705ef7986c70b822238a08257d6e19093e46406: in 
DEBUG: ran git checkout master in 
DEBUG: ran git reset --hard 8705ef7986c70b822238a08257d6e19093e46406 in 
DEBUG: ran clean --force -d . in 
error: error during merge: merging dcb158985a5a8fe550cda0952d799b4903b1daf2 into master: git output: Auto-merging operator/controllers/seldondeployment_prepackaged_servers.go
CONFLICT (content): Merge conflict in operator/controllers/seldondeployment_prepackaged_servers.go
Auto-merging operator/controllers/seldondeployment_engine.go
Auto-merging operator/controllers/seldondeployment_controller.go
Automatic merge failed; fix conflicts and then commit the result.: failed to run 'git merge dcb158985a5a8fe550cda0952d799b4903b1daf2' command in directory '', output: 'Auto-merging operator/controllers/seldondeployment_prepackaged_servers.go
CONFLICT (content): Merge conflict in operator/controllers/seldondeployment_prepackaged_servers.go
Auto-merging operator/controllers/seldondeployment_engine.go
Auto-merging operator/controllers/seldondeployment_controller.go
Automatic merge failed; fix conflicts and then commit the result.'
[31m
Pipeline failed on stage 'meta-pipeline' : container 'step-git-merge'. The execution of the pipeline has stopped.[0m
