
Showing logs for build [32mseldonio-seldon-core-pr-1228-li-fs655-4[0m stage [32mpr-build-comment[0m and container [32mstep-credential-initializer-7lvf6[0m
{"level":"warn","ts":1575974960.3079827,"logger":"fallback-logger","caller":"logging/config.go:69","msg":"Fetch GitHub commit ID from kodata failed: \"ref: refs/heads/master\" is not a valid GitHub commit ID"}
{"level":"info","ts":1575974960.3083336,"logger":"fallback-logger","caller":"creds-init/main.go:40","msg":"Credentials initialized."}

Showing logs for build [32mseldonio-seldon-core-pr-1228-li-fs655-4[0m stage [32mpr-build-comment[0m and container [32mstep-working-dir-initializer-gtr8h[0m
{"level":"warn","ts":1575974960.8670363,"logger":"fallback-logger","caller":"logging/config.go:69","msg":"Fetch GitHub commit ID from kodata failed: open /var/run/ko/HEAD: no such file or directory"}
{"level":"info","ts":1575974960.8692493,"logger":"fallback-logger","caller":"bash/main.go:65","msg":"Successfully executed command \"mkdir -p /workspace/source\""}

Showing logs for build [32mseldonio-seldon-core-pr-1228-li-fs655-4[0m stage [32mpr-build-comment[0m and container [32mstep-place-tools[0m

Showing logs for build [32mseldonio-seldon-core-pr-1228-li-fs655-4[0m stage [32mpr-build-comment[0m and container [32mstep-git-source-seldonio-seldon-core-pr-1228-li-6942r[0m
{"level":"warn","ts":1575974967.962033,"logger":"fallback-logger","caller":"logging/config.go:69","msg":"Fetch GitHub commit ID from kodata failed: \"ref: refs/heads/master\" is not a valid GitHub commit ID"}
{"level":"info","ts":1575974978.9647388,"logger":"fallback-logger","caller":"git/git.go:102","msg":"Successfully cloned https://github.com/SeldonIO/seldon-core.git @ master in path /workspace/source"}

Showing logs for build [32mseldonio-seldon-core-pr-1228-li-fs655-4[0m stage [32mpr-build-comment[0m and container [32mstep-git-merge[0m
Using SHAs from PULL_REFS=master:28236667a779aef0fb4c38eff044f5d45c28c69a,1228:0a61db22c1b39a92ac68898b3692febc99aa3ac9
DEBUG: ran git fetch --unshallow origin 0a61db22c1b39a92ac68898b3692febc99aa3ac9: 28236667a779aef0fb4c38eff044f5d45c28c69a: in 
DEBUG: ran git checkout master in 
DEBUG: ran git reset --hard 28236667a779aef0fb4c38eff044f5d45c28c69a in 
DEBUG: ran clean --force -d . in 
DEBUG: ran git merge 0a61db22c1b39a92ac68898b3692febc99aa3ac9 in 
Merged SHA b08de128c4d6982a31274a5d4138ec674d8c5cf5 with commit message 'Merge commit '0a61db22c1b39a92ac68898b3692febc99aa3ac9'' into base branch master
Merged SHA 0a61db22c1b39a92ac68898b3692febc99aa3ac9 with commit message 'Update centralised logging to work with k8s 1.16 and Helm 3' into base branch master

Showing logs for build [32mseldonio-seldon-core-pr-1228-li-fs655-4[0m stage [32mpr-build-comment[0m and container [32mstep-step2[0m
+++ dirname ./add-pr-build-comment
++ cd .
++ pwd
+ STARTUP_DIR=/workspace/source/ci
+ REPO_OWNER=SeldonIO
+ REPO_NAME=seldon-core
+ PULL_NUMBER=1228
+ BUILD_NUMBER=4
+ PIPELINE_CONTEXT=lint
++ cat
+++ date
+ COMMENT_MSG='Tue Dec 10 10:49:44 UTC 2019
The logs for [lint] [4] will show after the pipeline context has finished.  
https://github.com/SeldonIO/seldon-core/blob/gh-pages/jenkins-x/logs/SeldonIO/seldon-core/PR-1228/4.log

impatient try  
** get build logs SeldonIO/seldon-core/PR-1228 --build=4'
+ ** step pr comment --owner=SeldonIO --repository=seldon-core --pull-request=1228 '--comment=Tue Dec 10 10:49:44 UTC 2019
The logs for [lint] [4] will show after the pipeline context has finished.  
https://github.com/SeldonIO/seldon-core/blob/gh-pages/jenkins-x/logs/SeldonIO/seldon-core/PR-1228/4.log

impatient try  
** get build logs SeldonIO/seldon-core/PR-1228 --build=4'

Showing logs for build [32mseldonio-seldon-core-pr-1228-li-fs655-4[0m stage [32mpr-build-comment[0m and container [32mstep-source-mkdir-seldonio-seldon-core-pr-1228-li-chcdb[0m
{"level":"warn","ts":1575974986.7284343,"logger":"fallback-logger","caller":"logging/config.go:69","msg":"Fetch GitHub commit ID from kodata failed: open /var/run/ko/HEAD: no such file or directory"}
{"level":"info","ts":1575974986.7312758,"logger":"fallback-logger","caller":"bash/main.go:65","msg":"Successfully executed command \"mkdir -p /pvc/pr-build-comment/workspace\""}

Showing logs for build [32mseldonio-seldon-core-pr-1228-li-fs655-4[0m stage [32mpr-build-comment[0m and container [32mstep-source-copy-seldonio-seldon-core-pr-1228-li-h96b9[0m
{"level":"warn","ts":1575974987.021187,"logger":"fallback-logger","caller":"logging/config.go:69","msg":"Fetch GitHub commit ID from kodata failed: open /var/run/ko/HEAD: no such file or directory"}
{"level":"info","ts":1575974987.2644806,"logger":"fallback-logger","caller":"bash/main.go:65","msg":"Successfully executed command \"cp -r /workspace/source/. /pvc/pr-build-comment/workspace\""}

Showing logs for build [32mseldonio-seldon-core-pr-1228-li-fs655-4[0m stage [32mpython-lint-task[0m and container [32mstep-credential-initializer-s2q26[0m
{"level":"warn","ts":1575975009.0511372,"logger":"fallback-logger","caller":"logging/config.go:69","msg":"Fetch GitHub commit ID from kodata failed: \"ref: refs/heads/master\" is not a valid GitHub commit ID"}
{"level":"info","ts":1575975009.0517259,"logger":"fallback-logger","caller":"creds-init/main.go:40","msg":"Credentials initialized."}

Showing logs for build [32mseldonio-seldon-core-pr-1228-li-fs655-4[0m stage [32mpython-lint-task[0m and container [32mstep-working-dir-initializer-2rn5f[0m
{"level":"warn","ts":1575975009.418429,"logger":"fallback-logger","caller":"logging/config.go:69","msg":"Fetch GitHub commit ID from kodata failed: open /var/run/ko/HEAD: no such file or directory"}
{"level":"info","ts":1575975009.4196985,"logger":"fallback-logger","caller":"bash/main.go:65","msg":"Successfully executed command \"mkdir -p /workspace/source\""}

Showing logs for build [32mseldonio-seldon-core-pr-1228-li-fs655-4[0m stage [32mpython-lint-task[0m and container [32mstep-place-tools[0m

Showing logs for build [32mseldonio-seldon-core-pr-1228-li-fs655-4[0m stage [32mpython-lint-task[0m and container [32mstep-create-dir-workspace-wztrj[0m
{"level":"warn","ts":1575975012.513757,"logger":"fallback-logger","caller":"logging/config.go:69","msg":"Fetch GitHub commit ID from kodata failed: open /var/run/ko/HEAD: no such file or directory"}
{"level":"info","ts":1575975012.5156136,"logger":"fallback-logger","caller":"bash/main.go:65","msg":"Successfully executed command \"mkdir -p /workspace/source\""}

Showing logs for build [32mseldonio-seldon-core-pr-1228-li-fs655-4[0m stage [32mpython-lint-task[0m and container [32mstep-source-copy-workspace-psdd2[0m
{"level":"warn","ts":1575975012.7443337,"logger":"fallback-logger","caller":"logging/config.go:69","msg":"Fetch GitHub commit ID from kodata failed: open /var/run/ko/HEAD: no such file or directory"}
{"level":"info","ts":1575975014.3213286,"logger":"fallback-logger","caller":"bash/main.go:65","msg":"Successfully executed command \"cp -r /pvc/pr-build-comment/workspace/. /workspace/source\""}

Showing logs for build [32mseldonio-seldon-core-pr-1228-li-fs655-4[0m stage [32mpython-lint-task[0m and container [32mstep-python-lint[0m
make: Entering directory '/workspace/source/python'
pip install black==19.3b0
Collecting black==19.3b0
  Downloading https://files.pythonhosted.org/packages/30/62/cf549544a5fe990bbaeca21e9c419501b2de7a701ab0afb377bc81676600/black-19.3b0-py36-none-any.whl (89kB)
Collecting click>=6.5
  Downloading https://files.pythonhosted.org/packages/fa/37/45185cb5abbc30d7257104c434fe0b07e5a195a6847506c074527aa599ec/Click-7.0-py2.py3-none-any.whl (81kB)
Collecting toml>=0.9.4
  Downloading https://files.pythonhosted.org/packages/a2/12/ced7105d2de62fa7c8fb5fce92cc4ce66b57c95fb875e9318dba7f8c5db0/toml-0.10.0-py2.py3-none-any.whl
Collecting attrs>=18.1.0
  Downloading https://files.pythonhosted.org/packages/a2/db/4313ab3be961f7a763066401fb77f7748373b6094076ae2bda2806988af6/attrs-19.3.0-py2.py3-none-any.whl
Collecting appdirs
  Downloading https://files.pythonhosted.org/packages/56/eb/810e700ed1349edde4cbdc1b2a21e28cdf115f9faf263f6bbf8447c1abf3/appdirs-1.4.3-py2.py3-none-any.whl
Installing collected packages: click, toml, attrs, appdirs, black
Successfully installed appdirs-1.4.3 attrs-19.3.0 black-19.3b0 click-7.0 toml-0.10.0
black \
	--check ./ ../testing \
	--exclude "(testing/scripts/proto|seldon_core/proto/|.eggs|.tox)"
All done! ✨ 🍰 ✨
49 files would be left unchanged.
make: Leaving directory '/workspace/source/python'
