
Showing logs for build [32mseldonio-seldon-core-pr-1231-li-k2b2n-11[0m stage [32mpr-build-comment[0m and container [32mstep-credential-initializer-p9vxd[0m
{"level":"warn","ts":1575989733.0967507,"logger":"fallback-logger","caller":"logging/config.go:69","msg":"Fetch GitHub commit ID from kodata failed: \"ref: refs/heads/master\" is not a valid GitHub commit ID"}
{"level":"info","ts":1575989733.0971508,"logger":"fallback-logger","caller":"creds-init/main.go:40","msg":"Credentials initialized."}

Showing logs for build [32mseldonio-seldon-core-pr-1231-li-k2b2n-11[0m stage [32mpr-build-comment[0m and container [32mstep-working-dir-initializer-c92vv[0m
{"level":"warn","ts":1575989734.1222777,"logger":"fallback-logger","caller":"logging/config.go:69","msg":"Fetch GitHub commit ID from kodata failed: open /var/run/ko/HEAD: no such file or directory"}
{"level":"info","ts":1575989734.1237185,"logger":"fallback-logger","caller":"bash/main.go:65","msg":"Successfully executed command \"mkdir -p /workspace/source\""}

Showing logs for build [32mseldonio-seldon-core-pr-1231-li-k2b2n-11[0m stage [32mpr-build-comment[0m and container [32mstep-place-tools[0m

Showing logs for build [32mseldonio-seldon-core-pr-1231-li-k2b2n-11[0m stage [32mpr-build-comment[0m and container [32mstep-git-source-seldonio-seldon-core-pr-1231-li-nzn9v[0m
{"level":"warn","ts":1575989739.293633,"logger":"fallback-logger","caller":"logging/config.go:69","msg":"Fetch GitHub commit ID from kodata failed: \"ref: refs/heads/master\" is not a valid GitHub commit ID"}
{"level":"info","ts":1575989743.147647,"logger":"fallback-logger","caller":"git/git.go:102","msg":"Successfully cloned https://github.com/SeldonIO/seldon-core.git @ master in path /workspace/source"}

Showing logs for build [32mseldonio-seldon-core-pr-1231-li-k2b2n-11[0m stage [32mpr-build-comment[0m and container [32mstep-git-merge[0m
Using SHAs from PULL_REFS=master:17df6e0ca7b87f8c0107e8ab199de6e918ec2043,1231:7f8c74158140d1e184b3910d3b25c823858d70dc
DEBUG: ran git fetch --unshallow origin 7f8c74158140d1e184b3910d3b25c823858d70dc: 17df6e0ca7b87f8c0107e8ab199de6e918ec2043: in 
DEBUG: ran git checkout master in 
DEBUG: ran git reset --hard 17df6e0ca7b87f8c0107e8ab199de6e918ec2043 in 
DEBUG: ran clean --force -d . in 
DEBUG: ran git merge 7f8c74158140d1e184b3910d3b25c823858d70dc in 
Merged SHA a867d7a1d3b25abdd7adefe70c9cacf7358c325d with commit message 'Merge commit '7f8c74158140d1e184b3910d3b25c823858d70dc'' into base branch master
Merged SHA 7f8c74158140d1e184b3910d3b25c823858d70dc with commit message 'docker iptables fix' into base branch master
Merged SHA b91adeec42c8c8312e012ba0b84752e33867a925 with commit message 'add docker logs' into base branch master
Merged SHA 957a31f6d1a133807a198c1a0a2f2379b819abf7 with commit message 'update references to core-builder to use 0.8' into base branch master
Merged SHA 57ad4abd506e80403877ce1880caf7d602ad7d53 with commit message 'update core-builder to use openjdk:13.0.1-jdk-buster base image' into base branch master

Showing logs for build [32mseldonio-seldon-core-pr-1231-li-k2b2n-11[0m stage [32mpr-build-comment[0m and container [32mstep-step2[0m
+++ dirname ./add-pr-build-comment
++ cd .
++ pwd
+ STARTUP_DIR=/workspace/source/ci
+ REPO_OWNER=SeldonIO
+ REPO_NAME=seldon-core
+ PULL_NUMBER=1231
+ BUILD_NUMBER=11
+ PIPELINE_CONTEXT=lint
++ cat
+++ date
+ COMMENT_MSG='Tue Dec 10 14:55:48 UTC 2019
The logs for [lint] [11] will show after the pipeline context has finished.  
https://github.com/SeldonIO/seldon-core/blob/gh-pages/jenkins-x/logs/SeldonIO/seldon-core/PR-1231/11.log

impatient try  
** get build logs SeldonIO/seldon-core/PR-1231 --build=11'
+ ** step pr comment --owner=SeldonIO --repository=seldon-core --pull-request=1231 '--comment=Tue Dec 10 14:55:48 UTC 2019
The logs for [lint] [11] will show after the pipeline context has finished.  
https://github.com/SeldonIO/seldon-core/blob/gh-pages/jenkins-x/logs/SeldonIO/seldon-core/PR-1231/11.log

impatient try  
** get build logs SeldonIO/seldon-core/PR-1231 --build=11'

Showing logs for build [32mseldonio-seldon-core-pr-1231-li-k2b2n-11[0m stage [32mpr-build-comment[0m and container [32mstep-source-mkdir-seldonio-seldon-core-pr-1231-li-txvrn[0m
{"level":"warn","ts":1575989750.9834917,"logger":"fallback-logger","caller":"logging/config.go:69","msg":"Fetch GitHub commit ID from kodata failed: open /var/run/ko/HEAD: no such file or directory"}
{"level":"info","ts":1575989750.987118,"logger":"fallback-logger","caller":"bash/main.go:65","msg":"Successfully executed command \"mkdir -p /pvc/pr-build-comment/workspace\""}

Showing logs for build [32mseldonio-seldon-core-pr-1231-li-k2b2n-11[0m stage [32mpr-build-comment[0m and container [32mstep-source-copy-seldonio-seldon-core-pr-1231-li-lvbhg[0m
{"level":"warn","ts":1575989751.2552934,"logger":"fallback-logger","caller":"logging/config.go:69","msg":"Fetch GitHub commit ID from kodata failed: open /var/run/ko/HEAD: no such file or directory"}
{"level":"info","ts":1575989751.5093749,"logger":"fallback-logger","caller":"bash/main.go:65","msg":"Successfully executed command \"cp -r /workspace/source/. /pvc/pr-build-comment/workspace\""}

Showing logs for build [32mseldonio-seldon-core-pr-1231-li-k2b2n-11[0m stage [32mpython-lint-task[0m and container [32mstep-credential-initializer-2sfb4[0m
{"level":"warn","ts":1575989791.71428,"logger":"fallback-logger","caller":"logging/config.go:69","msg":"Fetch GitHub commit ID from kodata failed: \"ref: refs/heads/master\" is not a valid GitHub commit ID"}
{"level":"info","ts":1575989791.7150464,"logger":"fallback-logger","caller":"creds-init/main.go:40","msg":"Credentials initialized."}

Showing logs for build [32mseldonio-seldon-core-pr-1231-li-k2b2n-11[0m stage [32mpython-lint-task[0m and container [32mstep-working-dir-initializer-l7d5m[0m
{"level":"warn","ts":1575989792.2398086,"logger":"fallback-logger","caller":"logging/config.go:69","msg":"Fetch GitHub commit ID from kodata failed: open /var/run/ko/HEAD: no such file or directory"}
{"level":"info","ts":1575989792.2417018,"logger":"fallback-logger","caller":"bash/main.go:65","msg":"Successfully executed command \"mkdir -p /workspace/source\""}

Showing logs for build [32mseldonio-seldon-core-pr-1231-li-k2b2n-11[0m stage [32mpython-lint-task[0m and container [32mstep-place-tools[0m

Showing logs for build [32mseldonio-seldon-core-pr-1231-li-k2b2n-11[0m stage [32mpython-lint-task[0m and container [32mstep-create-dir-workspace-nvvvj[0m
{"level":"warn","ts":1575989795.3949814,"logger":"fallback-logger","caller":"logging/config.go:69","msg":"Fetch GitHub commit ID from kodata failed: open /var/run/ko/HEAD: no such file or directory"}
{"level":"info","ts":1575989795.3964837,"logger":"fallback-logger","caller":"bash/main.go:65","msg":"Successfully executed command \"mkdir -p /workspace/source\""}

Showing logs for build [32mseldonio-seldon-core-pr-1231-li-k2b2n-11[0m stage [32mpython-lint-task[0m and container [32mstep-source-copy-workspace-dm7v6[0m
{"level":"warn","ts":1575989795.6619494,"logger":"fallback-logger","caller":"logging/config.go:69","msg":"Fetch GitHub commit ID from kodata failed: open /var/run/ko/HEAD: no such file or directory"}
{"level":"info","ts":1575989797.5014102,"logger":"fallback-logger","caller":"bash/main.go:65","msg":"Successfully executed command \"cp -r /pvc/pr-build-comment/workspace/. /workspace/source\""}

Showing logs for build [32mseldonio-seldon-core-pr-1231-li-k2b2n-11[0m stage [32mpython-lint-task[0m and container [32mstep-python-lint[0m
make: Entering directory '/workspace/source/python'
pip install black==19.3b0
Collecting black==19.3b0
  Downloading https://files.pythonhosted.org/packages/30/62/cf549544a5fe990bbaeca21e9c419501b2de7a701ab0afb377bc81676600/black-19.3b0-py36-none-any.whl (89kB)
Collecting click>=6.5
  Downloading https://files.pythonhosted.org/packages/fa/37/45185cb5abbc30d7257104c434fe0b07e5a195a6847506c074527aa599ec/Click-7.0-py2.py3-none-any.whl (81kB)
Collecting attrs>=18.1.0
  Downloading https://files.pythonhosted.org/packages/a2/db/4313ab3be961f7a763066401fb77f7748373b6094076ae2bda2806988af6/attrs-19.3.0-py2.py3-none-any.whl
Collecting toml>=0.9.4
  Downloading https://files.pythonhosted.org/packages/a2/12/ced7105d2de62fa7c8fb5fce92cc4ce66b57c95fb875e9318dba7f8c5db0/toml-0.10.0-py2.py3-none-any.whl
Collecting appdirs
  Downloading https://files.pythonhosted.org/packages/56/eb/810e700ed1349edde4cbdc1b2a21e28cdf115f9faf263f6bbf8447c1abf3/appdirs-1.4.3-py2.py3-none-any.whl
Installing collected packages: click, attrs, toml, appdirs, black
Successfully installed appdirs-1.4.3 attrs-19.3.0 black-19.3b0 click-7.0 toml-0.10.0
black \
	--check ./ ../testing \
	--exclude "(testing/scripts/proto|seldon_core/proto/|.eggs|.tox)"
All done! ✨ 🍰 ✨
49 files would be left unchanged.
make: Leaving directory '/workspace/source/python'
