
Showing logs for build [32mseldonio-seldon-core-pr-1231-in-lq9tq-8[0m stage [32mpr-build-comment[0m and container [32mstep-credential-initializer-xtjv9[0m
{"level":"warn","ts":1575987448.0459447,"logger":"fallback-logger","caller":"logging/config.go:69","msg":"Fetch GitHub commit ID from kodata failed: \"ref: refs/heads/master\" is not a valid GitHub commit ID"}
{"level":"info","ts":1575987448.0466316,"logger":"fallback-logger","caller":"creds-init/main.go:40","msg":"Credentials initialized."}

Showing logs for build [32mseldonio-seldon-core-pr-1231-in-lq9tq-8[0m stage [32mpr-build-comment[0m and container [32mstep-working-dir-initializer-zvx9d[0m
{"level":"warn","ts":1575987449.0548437,"logger":"fallback-logger","caller":"logging/config.go:69","msg":"Fetch GitHub commit ID from kodata failed: open /var/run/ko/HEAD: no such file or directory"}
{"level":"info","ts":1575987449.0564666,"logger":"fallback-logger","caller":"bash/main.go:65","msg":"Successfully executed command \"mkdir -p /workspace/source\""}

Showing logs for build [32mseldonio-seldon-core-pr-1231-in-lq9tq-8[0m stage [32mpr-build-comment[0m and container [32mstep-place-tools[0m

Showing logs for build [32mseldonio-seldon-core-pr-1231-in-lq9tq-8[0m stage [32mpr-build-comment[0m and container [32mstep-git-source-seldonio-seldon-core-pr-1231-in-lwztm[0m
{"level":"warn","ts":1575987455.20447,"logger":"fallback-logger","caller":"logging/config.go:69","msg":"Fetch GitHub commit ID from kodata failed: \"ref: refs/heads/master\" is not a valid GitHub commit ID"}
{"level":"info","ts":1575987458.8626914,"logger":"fallback-logger","caller":"git/git.go:102","msg":"Successfully cloned https://github.com/SeldonIO/seldon-core.git @ master in path /workspace/source"}

Showing logs for build [32mseldonio-seldon-core-pr-1231-in-lq9tq-8[0m stage [32mpr-build-comment[0m and container [32mstep-git-merge[0m
Using SHAs from PULL_REFS=master:17df6e0ca7b87f8c0107e8ab199de6e918ec2043,1231:b91adeec42c8c8312e012ba0b84752e33867a925
DEBUG: ran git fetch --unshallow origin b91adeec42c8c8312e012ba0b84752e33867a925: 17df6e0ca7b87f8c0107e8ab199de6e918ec2043: in 
DEBUG: ran git checkout master in 
DEBUG: ran git reset --hard 17df6e0ca7b87f8c0107e8ab199de6e918ec2043 in 
DEBUG: ran clean --force -d . in 
DEBUG: ran git merge b91adeec42c8c8312e012ba0b84752e33867a925 in 
Merged SHA 95d0fed546a3037ac94fd989066329731eae9cf7 with commit message 'Merge commit 'b91adeec42c8c8312e012ba0b84752e33867a925'' into base branch master
Merged SHA b91adeec42c8c8312e012ba0b84752e33867a925 with commit message 'add docker logs' into base branch master
Merged SHA 957a31f6d1a133807a198c1a0a2f2379b819abf7 with commit message 'update references to core-builder to use 0.8' into base branch master
Merged SHA 57ad4abd506e80403877ce1880caf7d602ad7d53 with commit message 'update core-builder to use openjdk:13.0.1-jdk-buster base image' into base branch master

Showing logs for build [32mseldonio-seldon-core-pr-1231-in-lq9tq-8[0m stage [32mpr-build-comment[0m and container [32mstep-step2[0m
+++ dirname ./add-pr-build-comment
++ cd .
++ pwd
+ STARTUP_DIR=/workspace/source/ci
+ REPO_OWNER=SeldonIO
+ REPO_NAME=seldon-core
+ PULL_NUMBER=1231
+ BUILD_NUMBER=8
+ PIPELINE_CONTEXT=integration
++ cat
+++ date
+ COMMENT_MSG='Tue Dec 10 14:17:45 UTC 2019
The logs for [integration] [8] will show after the pipeline context has finished.  
https://github.com/SeldonIO/seldon-core/blob/gh-pages/jenkins-x/logs/SeldonIO/seldon-core/PR-1231/8.log

impatient try  
** get build logs SeldonIO/seldon-core/PR-1231 --build=8'
+ ** step pr comment --owner=SeldonIO --repository=seldon-core --pull-request=1231 '--comment=Tue Dec 10 14:17:45 UTC 2019
The logs for [integration] [8] will show after the pipeline context has finished.  
https://github.com/SeldonIO/seldon-core/blob/gh-pages/jenkins-x/logs/SeldonIO/seldon-core/PR-1231/8.log

impatient try  
** get build logs SeldonIO/seldon-core/PR-1231 --build=8'

Showing logs for build [32mseldonio-seldon-core-pr-1231-in-lq9tq-8[0m stage [32mpr-build-comment[0m and container [32mstep-source-mkdir-seldonio-seldon-core-pr-1231-in-w2q5z[0m
{"level":"warn","ts":1575987467.9384763,"logger":"fallback-logger","caller":"logging/config.go:69","msg":"Fetch GitHub commit ID from kodata failed: open /var/run/ko/HEAD: no such file or directory"}
{"level":"info","ts":1575987467.9426718,"logger":"fallback-logger","caller":"bash/main.go:65","msg":"Successfully executed command \"mkdir -p /pvc/pr-build-comment/workspace\""}

Showing logs for build [32mseldonio-seldon-core-pr-1231-in-lq9tq-8[0m stage [32mpr-build-comment[0m and container [32mstep-source-copy-seldonio-seldon-core-pr-1231-in-27rtl[0m
{"level":"warn","ts":1575987468.1777012,"logger":"fallback-logger","caller":"logging/config.go:69","msg":"Fetch GitHub commit ID from kodata failed: open /var/run/ko/HEAD: no such file or directory"}
{"level":"info","ts":1575987468.4492815,"logger":"fallback-logger","caller":"bash/main.go:65","msg":"Successfully executed command \"cp -r /workspace/source/. /pvc/pr-build-comment/workspace\""}

Showing logs for build [32mseldonio-seldon-core-pr-1231-in-lq9tq-8[0m stage [32mend-to-end[0m and container [32mstep-credential-initializer-bxgl6[0m
{"level":"warn","ts":1575987510.2907097,"logger":"fallback-logger","caller":"logging/config.go:69","msg":"Fetch GitHub commit ID from kodata failed: \"ref: refs/heads/master\" is not a valid GitHub commit ID"}
{"level":"info","ts":1575987510.291076,"logger":"fallback-logger","caller":"creds-init/main.go:40","msg":"Credentials initialized."}

Showing logs for build [32mseldonio-seldon-core-pr-1231-in-lq9tq-8[0m stage [32mend-to-end[0m and container [32mstep-working-dir-initializer-tb7lk[0m
{"level":"warn","ts":1575987511.6205177,"logger":"fallback-logger","caller":"logging/config.go:69","msg":"Fetch GitHub commit ID from kodata failed: open /var/run/ko/HEAD: no such file or directory"}
{"level":"info","ts":1575987511.6219866,"logger":"fallback-logger","caller":"bash/main.go:65","msg":"Successfully executed command \"mkdir -p /workspace/source\""}

Showing logs for build [32mseldonio-seldon-core-pr-1231-in-lq9tq-8[0m stage [32mend-to-end[0m and container [32mstep-place-tools[0m

Showing logs for build [32mseldonio-seldon-core-pr-1231-in-lq9tq-8[0m stage [32mend-to-end[0m and container [32mstep-create-dir-workspace-znnbx[0m
{"level":"warn","ts":1575987517.719056,"logger":"fallback-logger","caller":"logging/config.go:69","msg":"Fetch GitHub commit ID from kodata failed: open /var/run/ko/HEAD: no such file or directory"}
{"level":"info","ts":1575987517.7203703,"logger":"fallback-logger","caller":"bash/main.go:65","msg":"Successfully executed command \"mkdir -p /workspace/source\""}

Showing logs for build [32mseldonio-seldon-core-pr-1231-in-lq9tq-8[0m stage [32mend-to-end[0m and container [32mstep-source-copy-workspace-pcb6q[0m
{"level":"warn","ts":1575987517.9828544,"logger":"fallback-logger","caller":"logging/config.go:69","msg":"Fetch GitHub commit ID from kodata failed: open /var/run/ko/HEAD: no such file or directory"}
{"level":"info","ts":1575987519.7435372,"logger":"fallback-logger","caller":"bash/main.go:65","msg":"Successfully executed command \"cp -r /pvc/pr-build-comment/workspace/. /workspace/source\""}

Showing logs for build [32mseldonio-seldon-core-pr-1231-in-lq9tq-8[0m stage [32mend-to-end[0m and container [32mstep-test-end-to-end[0m
Starting Docker: docker.
[SETUP] Waiting for Docker to be ready, sleeping for 1 seconds ...
[SETUP] Waiting for Docker to be ready, sleeping for 2 seconds ...
[SETUP] Waiting for Docker to be ready, sleeping for 3 seconds ...
[SETUP] Waiting for Docker to be ready, sleeping for 4 seconds ...
[SETUP] Waiting for Docker to be ready, sleeping for 5 seconds ...
[SETUP] Reached maximum attempts, not waiting any longer ...
time="2019-12-10T14:18:40.956232635Z" level=info msg="scheme \"unix\" not registered, fallback to default scheme" module=grpc
time="2019-12-10T14:18:40.956250589Z" level=info msg="ccResolverWrapper: sending update to cc: {[{unix:///var/run/docker/containerd/containerd.sock 0  <nil>}] <nil>}" module=grpc
time="2019-12-10T14:18:40.956276178Z" level=info msg="ClientConn switching balancer to \"pick_first\"" module=grpc
time="2019-12-10T14:18:40.984284130Z" level=info msg="Loading containers: start."
time="2019-12-10T14:18:40.994719693Z" level=warning msg="Running iptables --wait -t nat -L -n failed with message: `iptables: Operation not supported.`, error: exit status 1"
time="2019-12-10T14:18:41.061264777Z" level=info msg="stopping event stream following graceful shutdown" error="<nil>" module=libcontainerd namespace=moby
time="2019-12-10T14:18:41.061762359Z" level=info msg="stopping event stream following graceful shutdown" error="context canceled" module=libcontainerd namespace=plugins.moby
time="2019-12-10T14:18:41.061801391Z" level=info msg="stopping healthcheck following graceful shutdown" module=libcontainerd
failed to start daemon: Error initializing network controller: error obtaining controller instance: failed to create NAT chain DOCKER: iptables failed: iptables -t nat -N DOCKER: iptables: Operation not supported.
 (exit status 1)
kind create cluster --config kind_config.yaml
Error: could not list clusters: failed to list nodes: exit status 1
make: *** [Makefile:7: kind_create_cluster] Error 1
Existing kind cluster or failure starting - 2
kind delete cluster
Error: could not list clusters: failed to list nodes: exit status 1
make: *** [Makefile:10: kind_delete_cluster] Error 1
Cannot connect to the Docker daemon at unix:///var/run/docker.sock. Is the docker daemon running?
Stopping Docker: dockerProgram process in pidfile '/var/run/docker-ssd.pid', 1 process(es), refused to die.
kind_test_all.sh: line 98: TEST_EXIT_VALUE: unbound variable
[31m
Pipeline failed on stage 'end-to-end' : container 'step-test-end-to-end'. The execution of the pipeline has stopped.[0m
