
Showing logs for build [32mmeta-seldonio-seldon-core-pr-12-98vsx-4[0m stage [32mmeta-pipeline[0m and container [32mstep-credential-initializer-944rn[0m
{"level":"warn","ts":1575985674.002512,"logger":"fallback-logger","caller":"logging/config.go:69","msg":"Fetch GitHub commit ID from kodata failed: \"ref: refs/heads/master\" is not a valid GitHub commit ID"}
{"level":"info","ts":1575985674.003084,"logger":"fallback-logger","caller":"creds-init/main.go:40","msg":"Credentials initialized."}

Showing logs for build [32mmeta-seldonio-seldon-core-pr-12-98vsx-4[0m stage [32mmeta-pipeline[0m and container [32mstep-working-dir-initializer-qk8gm[0m
{"level":"warn","ts":1575985674.341628,"logger":"fallback-logger","caller":"logging/config.go:69","msg":"Fetch GitHub commit ID from kodata failed: open /var/run/ko/HEAD: no such file or directory"}
{"level":"info","ts":1575985674.343312,"logger":"fallback-logger","caller":"bash/main.go:65","msg":"Successfully executed command \"mkdir -p /workspace/source\""}

Showing logs for build [32mmeta-seldonio-seldon-core-pr-12-98vsx-4[0m stage [32mmeta-pipeline[0m and container [32mstep-place-tools[0m

Showing logs for build [32mmeta-seldonio-seldon-core-pr-12-98vsx-4[0m stage [32mmeta-pipeline[0m and container [32mstep-git-source-meta-seldonio-seldon-core-pr-12-kfr6g[0m
{"level":"warn","ts":1575985680.455692,"logger":"fallback-logger","caller":"logging/config.go:69","msg":"Fetch GitHub commit ID from kodata failed: \"ref: refs/heads/master\" is not a valid GitHub commit ID"}
{"level":"info","ts":1575985684.4750314,"logger":"fallback-logger","caller":"git/git.go:102","msg":"Successfully cloned https://github.com/SeldonIO/seldon-core.git @ 17df6e0ca7b87f8c0107e8ab199de6e918ec2043 in path /workspace/source"}

Showing logs for build [32mmeta-seldonio-seldon-core-pr-12-98vsx-4[0m stage [32mmeta-pipeline[0m and container [32mstep-git-merge[0m
Using SHAs from PULL_REFS=master:17df6e0ca7b87f8c0107e8ab199de6e918ec2043,1236:22cc6c86440a6232d32f5b44aa820902aad01251
DEBUG: ran git fetch --unshallow origin 22cc6c86440a6232d32f5b44aa820902aad01251: 17df6e0ca7b87f8c0107e8ab199de6e918ec2043: in 
DEBUG: ran git checkout master in 
DEBUG: ran git reset --hard 17df6e0ca7b87f8c0107e8ab199de6e918ec2043 in 
DEBUG: ran clean --force -d . in 
error: error during merge: merging 22cc6c86440a6232d32f5b44aa820902aad01251 into master: git output: Auto-merging helm-charts/seldon-core-analytics/templates/prometheus-deployment.json
CONFLICT (content): Merge conflict in helm-charts/seldon-core-analytics/templates/prometheus-deployment.json
Auto-merging helm-charts/seldon-core-analytics/templates/node-exporter-daemonset.json
CONFLICT (content): Merge conflict in helm-charts/seldon-core-analytics/templates/node-exporter-daemonset.json
Auto-merging helm-charts/seldon-core-analytics/templates/grafana-prom-deployment.json
CONFLICT (content): Merge conflict in helm-charts/seldon-core-analytics/templates/grafana-prom-deployment.json
Auto-merging helm-charts/seldon-core-analytics/templates/alertmanager-deployment.json
CONFLICT (content): Merge conflict in helm-charts/seldon-core-analytics/templates/alertmanager-deployment.json
Automatic merge failed; fix conflicts and then commit the result.: failed to run 'git merge 22cc6c86440a6232d32f5b44aa820902aad01251' command in directory '', output: 'Auto-merging helm-charts/seldon-core-analytics/templates/prometheus-deployment.json
CONFLICT (content): Merge conflict in helm-charts/seldon-core-analytics/templates/prometheus-deployment.json
Auto-merging helm-charts/seldon-core-analytics/templates/node-exporter-daemonset.json
CONFLICT (content): Merge conflict in helm-charts/seldon-core-analytics/templates/node-exporter-daemonset.json
Auto-merging helm-charts/seldon-core-analytics/templates/grafana-prom-deployment.json
CONFLICT (content): Merge conflict in helm-charts/seldon-core-analytics/templates/grafana-prom-deployment.json
Auto-merging helm-charts/seldon-core-analytics/templates/alertmanager-deployment.json
CONFLICT (content): Merge conflict in helm-charts/seldon-core-analytics/templates/alertmanager-deployment.json
Automatic merge failed; fix conflicts and then commit the result.'
[31m
Pipeline failed on stage 'meta-pipeline' : container 'step-git-merge'. The execution of the pipeline has stopped.[0m
