
Showing logs for build [32mseldonio-seldon-core-pr-1214-li-lbkgf-4[0m stage [32mpr-build-comment[0m and container [32mstep-credential-initializer-hfrt5[0m
{"level":"warn","ts":1575994920.2706158,"logger":"fallback-logger","caller":"logging/config.go:69","msg":"Fetch GitHub commit ID from kodata failed: \"ref: refs/heads/master\" is not a valid GitHub commit ID"}
{"level":"info","ts":1575994920.2711098,"logger":"fallback-logger","caller":"creds-init/main.go:40","msg":"Credentials initialized."}

Showing logs for build [32mseldonio-seldon-core-pr-1214-li-lbkgf-4[0m stage [32mpr-build-comment[0m and container [32mstep-working-dir-initializer-mz5xb[0m
{"level":"warn","ts":1575994920.659089,"logger":"fallback-logger","caller":"logging/config.go:69","msg":"Fetch GitHub commit ID from kodata failed: open /var/run/ko/HEAD: no such file or directory"}
{"level":"info","ts":1575994920.6604996,"logger":"fallback-logger","caller":"bash/main.go:65","msg":"Successfully executed command \"mkdir -p /workspace/source\""}

Showing logs for build [32mseldonio-seldon-core-pr-1214-li-lbkgf-4[0m stage [32mpr-build-comment[0m and container [32mstep-place-tools[0m

Showing logs for build [32mseldonio-seldon-core-pr-1214-li-lbkgf-4[0m stage [32mpr-build-comment[0m and container [32mstep-git-source-seldonio-seldon-core-pr-1214-li-gjzwp[0m
{"level":"warn","ts":1575995004.7773142,"logger":"fallback-logger","caller":"logging/config.go:69","msg":"Fetch GitHub commit ID from kodata failed: \"ref: refs/heads/master\" is not a valid GitHub commit ID"}
{"level":"info","ts":1575995008.3415966,"logger":"fallback-logger","caller":"git/git.go:102","msg":"Successfully cloned https://github.com/SeldonIO/seldon-core.git @ master in path /workspace/source"}

Showing logs for build [32mseldonio-seldon-core-pr-1214-li-lbkgf-4[0m stage [32mpr-build-comment[0m and container [32mstep-git-merge[0m
Using SHAs from PULL_REFS=master:17df6e0ca7b87f8c0107e8ab199de6e918ec2043,1214:7f5e1059736ea66218ab90a451e55decfa93c45e
DEBUG: ran git fetch --unshallow origin 7f5e1059736ea66218ab90a451e55decfa93c45e: 17df6e0ca7b87f8c0107e8ab199de6e918ec2043: in 
DEBUG: ran git checkout master in 
DEBUG: ran git reset --hard 17df6e0ca7b87f8c0107e8ab199de6e918ec2043 in 
DEBUG: ran clean --force -d . in 
DEBUG: ran git merge 7f5e1059736ea66218ab90a451e55decfa93c45e in 
Merged SHA 7f5e1059736ea66218ab90a451e55decfa93c45e with commit message 'Merge branch 'master' into 1211_env_bug' into base branch master
Merged SHA 7524fec3cd43f67f9715ef4119d3f1f4f61e18eb with commit message 'rebase' into base branch master
Merged SHA d83090b3ae443137094969694604c47c715b62b5 with commit message 'Update compares to ignore API server defaulting' into base branch master

Showing logs for build [32mseldonio-seldon-core-pr-1214-li-lbkgf-4[0m stage [32mpr-build-comment[0m and container [32mstep-step2[0m
+++ dirname ./add-pr-build-comment
++ cd .
++ pwd
+ STARTUP_DIR=/workspace/source/ci
+ REPO_OWNER=SeldonIO
+ REPO_NAME=seldon-core
+ PULL_NUMBER=1214
+ BUILD_NUMBER=4
+ PIPELINE_CONTEXT=lint
++ cat
+++ date
+ COMMENT_MSG='Tue Dec 10 16:23:35 UTC 2019
The logs for [lint] [4] will show after the pipeline context has finished.  
https://github.com/SeldonIO/seldon-core/blob/gh-pages/jenkins-x/logs/SeldonIO/seldon-core/PR-1214/4.log

impatient try  
** get build logs SeldonIO/seldon-core/PR-1214 --build=4'
+ ** step pr comment --owner=SeldonIO --repository=seldon-core --pull-request=1214 '--comment=Tue Dec 10 16:23:35 UTC 2019
The logs for [lint] [4] will show after the pipeline context has finished.  
https://github.com/SeldonIO/seldon-core/blob/gh-pages/jenkins-x/logs/SeldonIO/seldon-core/PR-1214/4.log

impatient try  
** get build logs SeldonIO/seldon-core/PR-1214 --build=4'

Showing logs for build [32mseldonio-seldon-core-pr-1214-li-lbkgf-4[0m stage [32mpr-build-comment[0m and container [32mstep-source-mkdir-seldonio-seldon-core-pr-1214-li-txz6q[0m
{"level":"warn","ts":1575995017.5568304,"logger":"fallback-logger","caller":"logging/config.go:69","msg":"Fetch GitHub commit ID from kodata failed: open /var/run/ko/HEAD: no such file or directory"}
{"level":"info","ts":1575995017.6725225,"logger":"fallback-logger","caller":"bash/main.go:65","msg":"Successfully executed command \"mkdir -p /pvc/pr-build-comment/workspace\""}

Showing logs for build [32mseldonio-seldon-core-pr-1214-li-lbkgf-4[0m stage [32mpr-build-comment[0m and container [32mstep-source-copy-seldonio-seldon-core-pr-1214-li-vm6p9[0m
{"level":"warn","ts":1575995017.8086224,"logger":"fallback-logger","caller":"logging/config.go:69","msg":"Fetch GitHub commit ID from kodata failed: open /var/run/ko/HEAD: no such file or directory"}
{"level":"info","ts":1575995018.0757198,"logger":"fallback-logger","caller":"bash/main.go:65","msg":"Successfully executed command \"cp -r /workspace/source/. /pvc/pr-build-comment/workspace\""}

Showing logs for build [32mseldonio-seldon-core-pr-1214-li-lbkgf-4[0m stage [32mpython-lint-task[0m and container [32mstep-credential-initializer-jxjmr[0m
{"level":"warn","ts":1575995040.058033,"logger":"fallback-logger","caller":"logging/config.go:69","msg":"Fetch GitHub commit ID from kodata failed: \"ref: refs/heads/master\" is not a valid GitHub commit ID"}
{"level":"info","ts":1575995040.0587354,"logger":"fallback-logger","caller":"creds-init/main.go:40","msg":"Credentials initialized."}

Showing logs for build [32mseldonio-seldon-core-pr-1214-li-lbkgf-4[0m stage [32mpython-lint-task[0m and container [32mstep-working-dir-initializer-dgrvq[0m
{"level":"warn","ts":1575995041.0236106,"logger":"fallback-logger","caller":"logging/config.go:69","msg":"Fetch GitHub commit ID from kodata failed: open /var/run/ko/HEAD: no such file or directory"}
{"level":"info","ts":1575995041.025433,"logger":"fallback-logger","caller":"bash/main.go:65","msg":"Successfully executed command \"mkdir -p /workspace/source\""}

Showing logs for build [32mseldonio-seldon-core-pr-1214-li-lbkgf-4[0m stage [32mpython-lint-task[0m and container [32mstep-place-tools[0m

Showing logs for build [32mseldonio-seldon-core-pr-1214-li-lbkgf-4[0m stage [32mpython-lint-task[0m and container [32mstep-create-dir-workspace-h2j4t[0m
{"level":"warn","ts":1575995045.1923513,"logger":"fallback-logger","caller":"logging/config.go:69","msg":"Fetch GitHub commit ID from kodata failed: open /var/run/ko/HEAD: no such file or directory"}
{"level":"info","ts":1575995045.1943738,"logger":"fallback-logger","caller":"bash/main.go:65","msg":"Successfully executed command \"mkdir -p /workspace/source\""}

Showing logs for build [32mseldonio-seldon-core-pr-1214-li-lbkgf-4[0m stage [32mpython-lint-task[0m and container [32mstep-source-copy-workspace-959zl[0m
{"level":"warn","ts":1575995045.4399416,"logger":"fallback-logger","caller":"logging/config.go:69","msg":"Fetch GitHub commit ID from kodata failed: open /var/run/ko/HEAD: no such file or directory"}
{"level":"info","ts":1575995047.2671359,"logger":"fallback-logger","caller":"bash/main.go:65","msg":"Successfully executed command \"cp -r /pvc/pr-build-comment/workspace/. /workspace/source\""}

Showing logs for build [32mseldonio-seldon-core-pr-1214-li-lbkgf-4[0m stage [32mpython-lint-task[0m and container [32mstep-python-lint[0m
make: Entering directory '/workspace/source/python'
pip install black==19.3b0
Collecting black==19.3b0
  Downloading https://files.pythonhosted.org/packages/30/62/cf549544a5fe990bbaeca21e9c419501b2de7a701ab0afb377bc81676600/black-19.3b0-py36-none-any.whl (89kB)
Collecting click>=6.5
  Downloading https://files.pythonhosted.org/packages/fa/37/45185cb5abbc30d7257104c434fe0b07e5a195a6847506c074527aa599ec/Click-7.0-py2.py3-none-any.whl (81kB)
Collecting toml>=0.9.4
  Downloading https://files.pythonhosted.org/packages/a2/12/ced7105d2de62fa7c8fb5fce92cc4ce66b57c95fb875e9318dba7f8c5db0/toml-0.10.0-py2.py3-none-any.whl
Collecting attrs>=18.1.0
  Downloading https://files.pythonhosted.org/packages/a2/db/4313ab3be961f7a763066401fb77f7748373b6094076ae2bda2806988af6/attrs-19.3.0-py2.py3-none-any.whl
Collecting appdirs
  Downloading https://files.pythonhosted.org/packages/56/eb/810e700ed1349edde4cbdc1b2a21e28cdf115f9faf263f6bbf8447c1abf3/appdirs-1.4.3-py2.py3-none-any.whl
Installing collected packages: click, toml, attrs, appdirs, black
Successfully installed appdirs-1.4.3 attrs-19.3.0 black-19.3b0 click-7.0 toml-0.10.0
black \
	--check ./ ../testing \
	--exclude "(testing/scripts/proto|seldon_core/proto/|.eggs|.tox)"
All done! ✨ 🍰 ✨
49 files would be left unchanged.
make: Leaving directory '/workspace/source/python'
