
Showing logs for build [32mseldonio-seldon-core-pr-1242-li-2[0m stage [32mpr-build-comment[0m and container [32mstep-credential-initializer-pd8rr[0m
{"level":"warn","ts":1576078596.2905986,"logger":"fallback-logger","caller":"logging/config.go:69","msg":"Fetch GitHub commit ID from kodata failed: \"ref: refs/heads/master\" is not a valid GitHub commit ID"}
{"level":"info","ts":1576078596.2911494,"logger":"fallback-logger","caller":"creds-init/main.go:40","msg":"Credentials initialized."}

Showing logs for build [32mseldonio-seldon-core-pr-1242-li-2[0m stage [32mpr-build-comment[0m and container [32mstep-working-dir-initializer-fjz8r[0m
{"level":"warn","ts":1576078597.332395,"logger":"fallback-logger","caller":"logging/config.go:69","msg":"Fetch GitHub commit ID from kodata failed: open /var/run/ko/HEAD: no such file or directory"}
{"level":"info","ts":1576078597.334167,"logger":"fallback-logger","caller":"bash/main.go:65","msg":"Successfully executed command \"mkdir -p /workspace/source\""}

Showing logs for build [32mseldonio-seldon-core-pr-1242-li-2[0m stage [32mpr-build-comment[0m and container [32mstep-place-tools[0m

Showing logs for build [32mseldonio-seldon-core-pr-1242-li-2[0m stage [32mpr-build-comment[0m and container [32mstep-git-source-seldonio-seldon-core-pr-1242-li-jzz9j[0m
{"level":"warn","ts":1576078603.4385507,"logger":"fallback-logger","caller":"logging/config.go:69","msg":"Fetch GitHub commit ID from kodata failed: \"ref: refs/heads/master\" is not a valid GitHub commit ID"}
{"level":"info","ts":1576078606.7800775,"logger":"fallback-logger","caller":"git/git.go:102","msg":"Successfully cloned https://github.com/SeldonIO/seldon-core.git @ master in path /workspace/source"}

Showing logs for build [32mseldonio-seldon-core-pr-1242-li-2[0m stage [32mpr-build-comment[0m and container [32mstep-git-merge[0m
Using SHAs from PULL_REFS=master:7becc696a34e73f0dce730531c398fd0f0d6fda7,1242:6eeddedd07d334ba53bfae8be70f4f00bfeb84c5
DEBUG: ran git fetch --unshallow origin 6eeddedd07d334ba53bfae8be70f4f00bfeb84c5: 7becc696a34e73f0dce730531c398fd0f0d6fda7: in 
DEBUG: ran git checkout master in 
DEBUG: ran git reset --hard 7becc696a34e73f0dce730531c398fd0f0d6fda7 in 
DEBUG: ran clean --force -d . in 
DEBUG: ran git merge 6eeddedd07d334ba53bfae8be70f4f00bfeb84c5 in 
Merged SHA 7b3cfa66ecd8babef31652a42b2ae3e03f404d9d with commit message 'Merge commit '6eeddedd07d334ba53bfae8be70f4f00bfeb84c5'' into base branch master
Merged SHA 6eeddedd07d334ba53bfae8be70f4f00bfeb84c5 with commit message 'Creating clientset for seldon operator' into base branch master
Merged SHA 94fdd527190672e637c76af7abcad18bf845eea6 with commit message 'Adding hack scripts and tools package' into base branch master
Merged SHA 0da7e58e34de5df83258f32c28ca726811ac9723 with commit message 'Migrating to multi-group project structure' into base branch master

Showing logs for build [32mseldonio-seldon-core-pr-1242-li-2[0m stage [32mpr-build-comment[0m and container [32mstep-step2[0m
+++ dirname ./add-pr-build-comment
++ cd .
++ pwd
+ STARTUP_DIR=/workspace/source/ci
+ REPO_OWNER=SeldonIO
+ REPO_NAME=seldon-core
+ PULL_NUMBER=1242
+ BUILD_NUMBER=2
+ PIPELINE_CONTEXT=lint
++ cat
+++ date
+ COMMENT_MSG='Wed Dec 11 15:36:54 UTC 2019
The logs for [lint] [2] will show after the pipeline context has finished.  
https://github.com/SeldonIO/seldon-core/blob/gh-pages/jenkins-x/logs/SeldonIO/seldon-core/PR-1242/2.log

impatient try  
** get build logs SeldonIO/seldon-core/PR-1242 --build=2'
+ ** step pr comment --owner=SeldonIO --repository=seldon-core --pull-request=1242 '--comment=Wed Dec 11 15:36:54 UTC 2019
The logs for [lint] [2] will show after the pipeline context has finished.  
https://github.com/SeldonIO/seldon-core/blob/gh-pages/jenkins-x/logs/SeldonIO/seldon-core/PR-1242/2.log

impatient try  
** get build logs SeldonIO/seldon-core/PR-1242 --build=2'

Showing logs for build [32mseldonio-seldon-core-pr-1242-li-2[0m stage [32mpr-build-comment[0m and container [32mstep-source-mkdir-seldonio-seldon-core-pr-1242-li-lxwws[0m
{"level":"warn","ts":1576078616.3059487,"logger":"fallback-logger","caller":"logging/config.go:69","msg":"Fetch GitHub commit ID from kodata failed: open /var/run/ko/HEAD: no such file or directory"}
{"level":"info","ts":1576078616.3090746,"logger":"fallback-logger","caller":"bash/main.go:65","msg":"Successfully executed command \"mkdir -p /pvc/pr-build-comment/workspace\""}

Showing logs for build [32mseldonio-seldon-core-pr-1242-li-2[0m stage [32mpr-build-comment[0m and container [32mstep-source-copy-seldonio-seldon-core-pr-1242-li-zcdz5[0m
{"level":"warn","ts":1576078616.5932333,"logger":"fallback-logger","caller":"logging/config.go:69","msg":"Fetch GitHub commit ID from kodata failed: open /var/run/ko/HEAD: no such file or directory"}
{"level":"info","ts":1576078616.951209,"logger":"fallback-logger","caller":"bash/main.go:65","msg":"Successfully executed command \"cp -r /workspace/source/. /pvc/pr-build-comment/workspace\""}

Showing logs for build [32mseldonio-seldon-core-pr-1242-li-2[0m stage [32mpython-lint-task[0m and container [32mstep-credential-initializer-hc8cv[0m
{"level":"warn","ts":1576078658.1904876,"logger":"fallback-logger","caller":"logging/config.go:69","msg":"Fetch GitHub commit ID from kodata failed: \"ref: refs/heads/master\" is not a valid GitHub commit ID"}
{"level":"info","ts":1576078658.1909668,"logger":"fallback-logger","caller":"creds-init/main.go:40","msg":"Credentials initialized."}

Showing logs for build [32mseldonio-seldon-core-pr-1242-li-2[0m stage [32mpython-lint-task[0m and container [32mstep-working-dir-initializer-6sv55[0m
{"level":"warn","ts":1576078659.2037697,"logger":"fallback-logger","caller":"logging/config.go:69","msg":"Fetch GitHub commit ID from kodata failed: open /var/run/ko/HEAD: no such file or directory"}
{"level":"info","ts":1576078659.2053359,"logger":"fallback-logger","caller":"bash/main.go:65","msg":"Successfully executed command \"mkdir -p /workspace/source\""}

Showing logs for build [32mseldonio-seldon-core-pr-1242-li-2[0m stage [32mpython-lint-task[0m and container [32mstep-place-tools[0m

Showing logs for build [32mseldonio-seldon-core-pr-1242-li-2[0m stage [32mpython-lint-task[0m and container [32mstep-create-dir-workspace-p42lh[0m
{"level":"warn","ts":1576078664.3197024,"logger":"fallback-logger","caller":"logging/config.go:69","msg":"Fetch GitHub commit ID from kodata failed: open /var/run/ko/HEAD: no such file or directory"}
{"level":"info","ts":1576078664.3209255,"logger":"fallback-logger","caller":"bash/main.go:65","msg":"Successfully executed command \"mkdir -p /workspace/source\""}

Showing logs for build [32mseldonio-seldon-core-pr-1242-li-2[0m stage [32mpython-lint-task[0m and container [32mstep-source-copy-workspace-jcrk8[0m
{"level":"warn","ts":1576078664.595593,"logger":"fallback-logger","caller":"logging/config.go:69","msg":"Fetch GitHub commit ID from kodata failed: open /var/run/ko/HEAD: no such file or directory"}
{"level":"info","ts":1576078666.8641784,"logger":"fallback-logger","caller":"bash/main.go:65","msg":"Successfully executed command \"cp -r /pvc/pr-build-comment/workspace/. /workspace/source\""}

Showing logs for build [32mseldonio-seldon-core-pr-1242-li-2[0m stage [32mpython-lint-task[0m and container [32mstep-python-lint[0m
make: Entering directory '/workspace/source/python'
pip install black==19.3b0
Collecting black==19.3b0
  Downloading https://files.pythonhosted.org/packages/30/62/cf549544a5fe990bbaeca21e9c419501b2de7a701ab0afb377bc81676600/black-19.3b0-py36-none-any.whl (89kB)
Collecting appdirs
  Downloading https://files.pythonhosted.org/packages/56/eb/810e700ed1349edde4cbdc1b2a21e28cdf115f9faf263f6bbf8447c1abf3/appdirs-1.4.3-py2.py3-none-any.whl
Collecting toml>=0.9.4
  Downloading https://files.pythonhosted.org/packages/a2/12/ced7105d2de62fa7c8fb5fce92cc4ce66b57c95fb875e9318dba7f8c5db0/toml-0.10.0-py2.py3-none-any.whl
Collecting click>=6.5
  Downloading https://files.pythonhosted.org/packages/fa/37/45185cb5abbc30d7257104c434fe0b07e5a195a6847506c074527aa599ec/Click-7.0-py2.py3-none-any.whl (81kB)
Collecting attrs>=18.1.0
  Downloading https://files.pythonhosted.org/packages/a2/db/4313ab3be961f7a763066401fb77f7748373b6094076ae2bda2806988af6/attrs-19.3.0-py2.py3-none-any.whl
Installing collected packages: appdirs, toml, click, attrs, black
Successfully installed appdirs-1.4.3 attrs-19.3.0 black-19.3b0 click-7.0 toml-0.10.0
black \
	--check ./ ../testing \
	--exclude "(testing/scripts/proto|seldon_core/proto/|.eggs|.tox)"
All done! ✨ 🍰 ✨
50 files would be left unchanged.
make: Leaving directory '/workspace/source/python'
