
Showing logs for build [32mseldonio-seldon-core-pr-1242-in-3[0m stage [32mpr-build-comment[0m and container [32mstep-credential-initializer-8n7wk[0m
{"level":"warn","ts":1576079754.8708265,"logger":"fallback-logger","caller":"logging/config.go:69","msg":"Fetch GitHub commit ID from kodata failed: \"ref: refs/heads/master\" is not a valid GitHub commit ID"}
{"level":"info","ts":1576079754.8712437,"logger":"fallback-logger","caller":"creds-init/main.go:40","msg":"Credentials initialized."}

Showing logs for build [32mseldonio-seldon-core-pr-1242-in-3[0m stage [32mpr-build-comment[0m and container [32mstep-working-dir-initializer-q5wrf[0m
{"level":"warn","ts":1576079755.9097078,"logger":"fallback-logger","caller":"logging/config.go:69","msg":"Fetch GitHub commit ID from kodata failed: open /var/run/ko/HEAD: no such file or directory"}
{"level":"info","ts":1576079755.911209,"logger":"fallback-logger","caller":"bash/main.go:65","msg":"Successfully executed command \"mkdir -p /workspace/source\""}

Showing logs for build [32mseldonio-seldon-core-pr-1242-in-3[0m stage [32mpr-build-comment[0m and container [32mstep-place-tools[0m

Showing logs for build [32mseldonio-seldon-core-pr-1242-in-3[0m stage [32mpr-build-comment[0m and container [32mstep-git-source-seldonio-seldon-core-pr-1242-in-78xzx[0m
{"level":"warn","ts":1576079761.0599868,"logger":"fallback-logger","caller":"logging/config.go:69","msg":"Fetch GitHub commit ID from kodata failed: \"ref: refs/heads/master\" is not a valid GitHub commit ID"}
{"level":"info","ts":1576079765.2579372,"logger":"fallback-logger","caller":"git/git.go:102","msg":"Successfully cloned https://github.com/SeldonIO/seldon-core.git @ master in path /workspace/source"}

Showing logs for build [32mseldonio-seldon-core-pr-1242-in-3[0m stage [32mpr-build-comment[0m and container [32mstep-git-merge[0m
Using SHAs from PULL_REFS=master:7becc696a34e73f0dce730531c398fd0f0d6fda7,1242:6eeddedd07d334ba53bfae8be70f4f00bfeb84c5
DEBUG: ran git fetch --unshallow origin 6eeddedd07d334ba53bfae8be70f4f00bfeb84c5: 7becc696a34e73f0dce730531c398fd0f0d6fda7: in 
DEBUG: ran git checkout master in 
DEBUG: ran git reset --hard 7becc696a34e73f0dce730531c398fd0f0d6fda7 in 
DEBUG: ran clean --force -d . in 
DEBUG: ran git merge 6eeddedd07d334ba53bfae8be70f4f00bfeb84c5 in 
Merged SHA 2469a16c5335d2311ecd7860e8a203bd41024520 with commit message 'Merge commit '6eeddedd07d334ba53bfae8be70f4f00bfeb84c5'' into base branch master
Merged SHA 6eeddedd07d334ba53bfae8be70f4f00bfeb84c5 with commit message 'Creating clientset for seldon operator' into base branch master
Merged SHA 94fdd527190672e637c76af7abcad18bf845eea6 with commit message 'Adding hack scripts and tools package' into base branch master
Merged SHA 0da7e58e34de5df83258f32c28ca726811ac9723 with commit message 'Migrating to multi-group project structure' into base branch master

Showing logs for build [32mseldonio-seldon-core-pr-1242-in-3[0m stage [32mpr-build-comment[0m and container [32mstep-step2[0m
+++ dirname ./add-pr-build-comment
++ cd .
++ pwd
+ STARTUP_DIR=/workspace/source/ci
+ REPO_OWNER=SeldonIO
+ REPO_NAME=seldon-core
+ PULL_NUMBER=1242
+ BUILD_NUMBER=3
+ PIPELINE_CONTEXT=integration
++ cat
+++ date
+ COMMENT_MSG='Wed Dec 11 15:56:12 UTC 2019
The logs for [integration] [3] will show after the pipeline context has finished.  
https://github.com/SeldonIO/seldon-core/blob/gh-pages/jenkins-x/logs/SeldonIO/seldon-core/PR-1242/3.log

impatient try  
** get build logs SeldonIO/seldon-core/PR-1242 --build=3'
+ ** step pr comment --owner=SeldonIO --repository=seldon-core --pull-request=1242 '--comment=Wed Dec 11 15:56:12 UTC 2019
The logs for [integration] [3] will show after the pipeline context has finished.  
https://github.com/SeldonIO/seldon-core/blob/gh-pages/jenkins-x/logs/SeldonIO/seldon-core/PR-1242/3.log

impatient try  
** get build logs SeldonIO/seldon-core/PR-1242 --build=3'

Showing logs for build [32mseldonio-seldon-core-pr-1242-in-3[0m stage [32mpr-build-comment[0m and container [32mstep-source-mkdir-seldonio-seldon-core-pr-1242-in-r69tm[0m
{"level":"warn","ts":1576079775.9316974,"logger":"fallback-logger","caller":"logging/config.go:69","msg":"Fetch GitHub commit ID from kodata failed: open /var/run/ko/HEAD: no such file or directory"}
{"level":"info","ts":1576079775.935775,"logger":"fallback-logger","caller":"bash/main.go:65","msg":"Successfully executed command \"mkdir -p /pvc/pr-build-comment/workspace\""}

Showing logs for build [32mseldonio-seldon-core-pr-1242-in-3[0m stage [32mpr-build-comment[0m and container [32mstep-source-copy-seldonio-seldon-core-pr-1242-in-tdgff[0m
{"level":"warn","ts":1576079776.1974401,"logger":"fallback-logger","caller":"logging/config.go:69","msg":"Fetch GitHub commit ID from kodata failed: open /var/run/ko/HEAD: no such file or directory"}
{"level":"info","ts":1576079776.5305464,"logger":"fallback-logger","caller":"bash/main.go:65","msg":"Successfully executed command \"cp -r /workspace/source/. /pvc/pr-build-comment/workspace\""}

Showing logs for build [32mseldonio-seldon-core-pr-1242-in-3[0m stage [32mend-to-end[0m and container [32mstep-credential-initializer-6bhws[0m
Unable to retrieve container logs for docker://2605d20dd91489396577f4faddb70a0cc26e7a909ab615fbe9c14e5d4e927686

Showing logs for build [32mseldonio-seldon-core-pr-1242-in-3[0m stage [32mend-to-end[0m and container [32mstep-working-dir-initializer-46rf6[0m
Unable to retrieve container logs for docker://626035718ec76c74910e8e312be6ae1590eb42dea9fc62f18965e728c3757243

Showing logs for build [32mseldonio-seldon-core-pr-1242-in-3[0m stage [32mend-to-end[0m and container [32mstep-place-tools[0m
Unable to retrieve container logs for docker://8f8b59921df8d47ac2281d9326561ebe40a98611f0ecdbf5fc718d5a703c7757

Showing logs for build [32mseldonio-seldon-core-pr-1242-in-3[0m stage [32mend-to-end[0m and container [32mstep-create-dir-workspace-vvslk[0m
Unable to retrieve container logs for docker://3fe7b9e2dcffc632c8ecd3188f825aefd672644b89a4a5c252d354a0b9f4c3af

Showing logs for build [32mseldonio-seldon-core-pr-1242-in-3[0m stage [32mend-to-end[0m and container [32mstep-source-copy-workspace-g9ztn[0m
Unable to retrieve container logs for docker://c860b506104481cd986cd920010dd24a328587a4459f0a27af0a3b6e50e665be

Showing logs for build [32mseldonio-seldon-core-pr-1242-in-3[0m stage [32mend-to-end[0m and container [32mstep-test-end-to-end[0m
Unable to retrieve container logs for docker://12c2a9128ba7a5ceaf5bfcd40850e37570e82189758600fd51ccccc967a6a014
[31m
Pipeline failed on stage 'end-to-end' : container 'step-test-end-to-end'. The execution of the pipeline has stopped.[0m
