
Showing logs for build [32mseldonio-seldon-core-pr-1217-li-2[0m stage [32mpr-build-comment[0m and container [32mstep-credential-initializer-tg9pd[0m
{"level":"warn","ts":1575986530.9495294,"logger":"fallback-logger","caller":"logging/config.go:69","msg":"Fetch GitHub commit ID from kodata failed: \"ref: refs/heads/master\" is not a valid GitHub commit ID"}
{"level":"info","ts":1575986530.950043,"logger":"fallback-logger","caller":"creds-init/main.go:40","msg":"Credentials initialized."}

Showing logs for build [32mseldonio-seldon-core-pr-1217-li-2[0m stage [32mpr-build-comment[0m and container [32mstep-working-dir-initializer-ggzdm[0m
{"level":"warn","ts":1575986531.4937751,"logger":"fallback-logger","caller":"logging/config.go:69","msg":"Fetch GitHub commit ID from kodata failed: open /var/run/ko/HEAD: no such file or directory"}
{"level":"info","ts":1575986531.4952598,"logger":"fallback-logger","caller":"bash/main.go:65","msg":"Successfully executed command \"mkdir -p /workspace/source\""}

Showing logs for build [32mseldonio-seldon-core-pr-1217-li-2[0m stage [32mpr-build-comment[0m and container [32mstep-place-tools[0m

Showing logs for build [32mseldonio-seldon-core-pr-1217-li-2[0m stage [32mpr-build-comment[0m and container [32mstep-git-source-seldonio-seldon-core-pr-1217-li-5xr4c[0m
{"level":"warn","ts":1575986537.5894551,"logger":"fallback-logger","caller":"logging/config.go:69","msg":"Fetch GitHub commit ID from kodata failed: \"ref: refs/heads/master\" is not a valid GitHub commit ID"}
{"level":"info","ts":1575986540.6692898,"logger":"fallback-logger","caller":"git/git.go:102","msg":"Successfully cloned https://github.com/SeldonIO/seldon-core.git @ master in path /workspace/source"}

Showing logs for build [32mseldonio-seldon-core-pr-1217-li-2[0m stage [32mpr-build-comment[0m and container [32mstep-git-merge[0m
Using SHAs from PULL_REFS=master:17df6e0ca7b87f8c0107e8ab199de6e918ec2043,1217:e225cba1d33df3dda3eaf3ecb2281ee68afd26f1
DEBUG: ran git fetch --unshallow origin e225cba1d33df3dda3eaf3ecb2281ee68afd26f1: 17df6e0ca7b87f8c0107e8ab199de6e918ec2043: in 
DEBUG: ran git checkout master in 
DEBUG: ran git reset --hard 17df6e0ca7b87f8c0107e8ab199de6e918ec2043 in 
DEBUG: ran clean --force -d . in 
DEBUG: ran git merge e225cba1d33df3dda3eaf3ecb2281ee68afd26f1 in 
Merged SHA bbb91490d7882ea4218ddfd42b365a7aa20e106f with commit message 'Merge commit 'e225cba1d33df3dda3eaf3ecb2281ee68afd26f1'' into base branch master
Merged SHA e225cba1d33df3dda3eaf3ecb2281ee68afd26f1 with commit message 'Bump client-java-proto from 6.0.1 to 7.0.0 in /engine' into base branch master

Showing logs for build [32mseldonio-seldon-core-pr-1217-li-2[0m stage [32mpr-build-comment[0m and container [32mstep-step2[0m
+++ dirname ./add-pr-build-comment
++ cd .
++ pwd
+ STARTUP_DIR=/workspace/source/ci
+ REPO_OWNER=SeldonIO
+ REPO_NAME=seldon-core
+ PULL_NUMBER=1217
+ BUILD_NUMBER=2
+ PIPELINE_CONTEXT=lint
++ cat
+++ date
+ COMMENT_MSG='Tue Dec 10 14:02:25 UTC 2019
The logs for [lint] [2] will show after the pipeline context has finished.  
https://github.com/SeldonIO/seldon-core/blob/gh-pages/jenkins-x/logs/SeldonIO/seldon-core/PR-1217/2.log

impatient try  
** get build logs SeldonIO/seldon-core/PR-1217 --build=2'
+ ** step pr comment --owner=SeldonIO --repository=seldon-core --pull-request=1217 '--comment=Tue Dec 10 14:02:25 UTC 2019
The logs for [lint] [2] will show after the pipeline context has finished.  
https://github.com/SeldonIO/seldon-core/blob/gh-pages/jenkins-x/logs/SeldonIO/seldon-core/PR-1217/2.log

impatient try  
** get build logs SeldonIO/seldon-core/PR-1217 --build=2'

Showing logs for build [32mseldonio-seldon-core-pr-1217-li-2[0m stage [32mpr-build-comment[0m and container [32mstep-source-mkdir-seldonio-seldon-core-pr-1217-li-5flb8[0m
{"level":"warn","ts":1575986547.313506,"logger":"fallback-logger","caller":"logging/config.go:69","msg":"Fetch GitHub commit ID from kodata failed: open /var/run/ko/HEAD: no such file or directory"}
{"level":"info","ts":1575986547.31693,"logger":"fallback-logger","caller":"bash/main.go:65","msg":"Successfully executed command \"mkdir -p /pvc/pr-build-comment/workspace\""}

Showing logs for build [32mseldonio-seldon-core-pr-1217-li-2[0m stage [32mpr-build-comment[0m and container [32mstep-source-copy-seldonio-seldon-core-pr-1217-li-h94jr[0m
{"level":"warn","ts":1575986547.5711985,"logger":"fallback-logger","caller":"logging/config.go:69","msg":"Fetch GitHub commit ID from kodata failed: open /var/run/ko/HEAD: no such file or directory"}
{"level":"info","ts":1575986547.8278508,"logger":"fallback-logger","caller":"bash/main.go:65","msg":"Successfully executed command \"cp -r /workspace/source/. /pvc/pr-build-comment/workspace\""}

Showing logs for build [32mseldonio-seldon-core-pr-1217-li-2[0m stage [32mpython-lint-task[0m and container [32mstep-credential-initializer-p7h8v[0m
{"level":"warn","ts":1575986577.162109,"logger":"fallback-logger","caller":"logging/config.go:69","msg":"Fetch GitHub commit ID from kodata failed: \"ref: refs/heads/master\" is not a valid GitHub commit ID"}
{"level":"info","ts":1575986577.1630285,"logger":"fallback-logger","caller":"creds-init/main.go:40","msg":"Credentials initialized."}

Showing logs for build [32mseldonio-seldon-core-pr-1217-li-2[0m stage [32mpython-lint-task[0m and container [32mstep-working-dir-initializer-n24cb[0m
{"level":"warn","ts":1575986577.603934,"logger":"fallback-logger","caller":"logging/config.go:69","msg":"Fetch GitHub commit ID from kodata failed: open /var/run/ko/HEAD: no such file or directory"}
{"level":"info","ts":1575986577.6057484,"logger":"fallback-logger","caller":"bash/main.go:65","msg":"Successfully executed command \"mkdir -p /workspace/source\""}

Showing logs for build [32mseldonio-seldon-core-pr-1217-li-2[0m stage [32mpython-lint-task[0m and container [32mstep-place-tools[0m

Showing logs for build [32mseldonio-seldon-core-pr-1217-li-2[0m stage [32mpython-lint-task[0m and container [32mstep-create-dir-workspace-4lz2w[0m
{"level":"warn","ts":1575986581.691152,"logger":"fallback-logger","caller":"logging/config.go:69","msg":"Fetch GitHub commit ID from kodata failed: open /var/run/ko/HEAD: no such file or directory"}
{"level":"info","ts":1575986581.6930857,"logger":"fallback-logger","caller":"bash/main.go:65","msg":"Successfully executed command \"mkdir -p /workspace/source\""}

Showing logs for build [32mseldonio-seldon-core-pr-1217-li-2[0m stage [32mpython-lint-task[0m and container [32mstep-source-copy-workspace-x8ptg[0m
{"level":"warn","ts":1575986581.9432254,"logger":"fallback-logger","caller":"logging/config.go:69","msg":"Fetch GitHub commit ID from kodata failed: open /var/run/ko/HEAD: no such file or directory"}
{"level":"info","ts":1575986583.5770335,"logger":"fallback-logger","caller":"bash/main.go:65","msg":"Successfully executed command \"cp -r /pvc/pr-build-comment/workspace/. /workspace/source\""}

Showing logs for build [32mseldonio-seldon-core-pr-1217-li-2[0m stage [32mpython-lint-task[0m and container [32mstep-python-lint[0m
make: Entering directory '/workspace/source/python'
pip install black==19.3b0
Collecting black==19.3b0
  Downloading https://files.pythonhosted.org/packages/30/62/cf549544a5fe990bbaeca21e9c419501b2de7a701ab0afb377bc81676600/black-19.3b0-py36-none-any.whl (89kB)
Collecting attrs>=18.1.0
  Downloading https://files.pythonhosted.org/packages/a2/db/4313ab3be961f7a763066401fb77f7748373b6094076ae2bda2806988af6/attrs-19.3.0-py2.py3-none-any.whl
Collecting click>=6.5
  Downloading https://files.pythonhosted.org/packages/fa/37/45185cb5abbc30d7257104c434fe0b07e5a195a6847506c074527aa599ec/Click-7.0-py2.py3-none-any.whl (81kB)
Collecting toml>=0.9.4
  Downloading https://files.pythonhosted.org/packages/a2/12/ced7105d2de62fa7c8fb5fce92cc4ce66b57c95fb875e9318dba7f8c5db0/toml-0.10.0-py2.py3-none-any.whl
Collecting appdirs
  Downloading https://files.pythonhosted.org/packages/56/eb/810e700ed1349edde4cbdc1b2a21e28cdf115f9faf263f6bbf8447c1abf3/appdirs-1.4.3-py2.py3-none-any.whl
Installing collected packages: attrs, click, toml, appdirs, black
Successfully installed appdirs-1.4.3 attrs-19.3.0 black-19.3b0 click-7.0 toml-0.10.0
black \
	--check ./ ../testing \
	--exclude "(testing/scripts/proto|seldon_core/proto/|.eggs|.tox)"
All done! ✨ 🍰 ✨
49 files would be left unchanged.
make: Leaving directory '/workspace/source/python'
