
Showing logs for build [32mmeta-seldonio-seldon-core-pr-11-9qh7r-13[0m stage [32mmeta-pipeline[0m and container [32mstep-credential-initializer-s6msp[0m
{"level":"warn","ts":1575648046.5265248,"logger":"fallback-logger","caller":"logging/config.go:69","msg":"Fetch GitHub commit ID from kodata failed: \"ref: refs/heads/master\" is not a valid GitHub commit ID"}
{"level":"info","ts":1575648046.5270016,"logger":"fallback-logger","caller":"creds-init/main.go:40","msg":"Credentials initialized."}

Showing logs for build [32mmeta-seldonio-seldon-core-pr-11-9qh7r-13[0m stage [32mmeta-pipeline[0m and container [32mstep-working-dir-initializer-sl7tj[0m
{"level":"warn","ts":1575648047.4910188,"logger":"fallback-logger","caller":"logging/config.go:69","msg":"Fetch GitHub commit ID from kodata failed: open /var/run/ko/HEAD: no such file or directory"}
{"level":"info","ts":1575648047.49245,"logger":"fallback-logger","caller":"bash/main.go:65","msg":"Successfully executed command \"mkdir -p /workspace/source\""}

Showing logs for build [32mmeta-seldonio-seldon-core-pr-11-9qh7r-13[0m stage [32mmeta-pipeline[0m and container [32mstep-place-tools[0m

Showing logs for build [32mmeta-seldonio-seldon-core-pr-11-9qh7r-13[0m stage [32mmeta-pipeline[0m and container [32mstep-git-source-meta-seldonio-seldon-core-pr-11-5mstf[0m
{"level":"warn","ts":1575648052.5671654,"logger":"fallback-logger","caller":"logging/config.go:69","msg":"Fetch GitHub commit ID from kodata failed: \"ref: refs/heads/master\" is not a valid GitHub commit ID"}
{"level":"info","ts":1575648055.8798485,"logger":"fallback-logger","caller":"git/git.go:102","msg":"Successfully cloned https://github.com/SeldonIO/seldon-core.git @ 4a5f4af8b3ad98faf552171adc21fd5513fbf855 in path /workspace/source"}

Showing logs for build [32mmeta-seldonio-seldon-core-pr-11-9qh7r-13[0m stage [32mmeta-pipeline[0m and container [32mstep-git-merge[0m
Using SHAs from PULL_REFS=master:4a5f4af8b3ad98faf552171adc21fd5513fbf855,1142:bab53b2e534450069fa410435b33e32a6cf7b053
DEBUG: ran git fetch --unshallow origin bab53b2e534450069fa410435b33e32a6cf7b053: 4a5f4af8b3ad98faf552171adc21fd5513fbf855: in 
DEBUG: ran git checkout master in 
DEBUG: ran git reset --hard 4a5f4af8b3ad98faf552171adc21fd5513fbf855 in 
DEBUG: ran clean --force -d . in 
error: error during merge: merging bab53b2e534450069fa410435b33e32a6cf7b053 into master: git output: Auto-merging operator/api/v1alpha2/seldondeployment_webhook.go
CONFLICT (content): Merge conflict in operator/api/v1alpha2/seldondeployment_webhook.go
Removing helm-charts/seldon-core-operator/templates/service_seldon-controller-manager-metrics-service.yaml
Removing helm-charts/seldon-core-operator/templates/clusterrolebinding_seldon-proxy-rolebinding.yaml
Removing helm-charts/seldon-core-operator/templates/clusterrolebinding_seldon-manager-css-rolebinding.yaml
Removing helm-charts/seldon-core-operator/templates/clusterrole_seldon-proxy-role.yaml
Auto-merging helm-charts/seldon-core-operator/templates/clusterrole_seldon-manager-sas-role.yaml
Auto-merging doc/source/workflow/install.md
Automatic merge failed; fix conflicts and then commit the result.: failed to run 'git merge bab53b2e534450069fa410435b33e32a6cf7b053' command in directory '', output: 'Auto-merging operator/api/v1alpha2/seldondeployment_webhook.go
CONFLICT (content): Merge conflict in operator/api/v1alpha2/seldondeployment_webhook.go
Removing helm-charts/seldon-core-operator/templates/service_seldon-controller-manager-metrics-service.yaml
Removing helm-charts/seldon-core-operator/templates/clusterrolebinding_seldon-proxy-rolebinding.yaml
Removing helm-charts/seldon-core-operator/templates/clusterrolebinding_seldon-manager-css-rolebinding.yaml
Removing helm-charts/seldon-core-operator/templates/clusterrole_seldon-proxy-role.yaml
Auto-merging helm-charts/seldon-core-operator/templates/clusterrole_seldon-manager-sas-role.yaml
Auto-merging doc/source/workflow/install.md
Automatic merge failed; fix conflicts and then commit the result.'
[31m
Pipeline failed on stage 'meta-pipeline' : container 'step-git-merge'. The execution of the pipeline has stopped.[0m
