
Showing logs for build [32mmeta-seldonio-seldon-core-pr-11-79pwd-9[0m stage [32mmeta-pipeline[0m and container [32mstep-credential-initializer-nkrrx[0m
{"level":"warn","ts":1575563607.7101681,"logger":"fallback-logger","caller":"logging/config.go:69","msg":"Fetch GitHub commit ID from kodata failed: \"ref: refs/heads/master\" is not a valid GitHub commit ID"}
{"level":"info","ts":1575563607.7108185,"logger":"fallback-logger","caller":"creds-init/main.go:40","msg":"Credentials initialized."}

Showing logs for build [32mmeta-seldonio-seldon-core-pr-11-79pwd-9[0m stage [32mmeta-pipeline[0m and container [32mstep-working-dir-initializer-vvs96[0m
{"level":"warn","ts":1575563608.67008,"logger":"fallback-logger","caller":"logging/config.go:69","msg":"Fetch GitHub commit ID from kodata failed: open /var/run/ko/HEAD: no such file or directory"}
{"level":"info","ts":1575563608.671642,"logger":"fallback-logger","caller":"bash/main.go:65","msg":"Successfully executed command \"mkdir -p /workspace/source\""}

Showing logs for build [32mmeta-seldonio-seldon-core-pr-11-79pwd-9[0m stage [32mmeta-pipeline[0m and container [32mstep-place-tools[0m

Showing logs for build [32mmeta-seldonio-seldon-core-pr-11-79pwd-9[0m stage [32mmeta-pipeline[0m and container [32mstep-git-source-meta-seldonio-seldon-core-pr-11-jppkr[0m
{"level":"warn","ts":1575563613.7686057,"logger":"fallback-logger","caller":"logging/config.go:69","msg":"Fetch GitHub commit ID from kodata failed: \"ref: refs/heads/master\" is not a valid GitHub commit ID"}
{"level":"info","ts":1575563617.4532413,"logger":"fallback-logger","caller":"git/git.go:102","msg":"Successfully cloned https://github.com/SeldonIO/seldon-core.git @ 9dd2ab77f906a3c09f270f27db9154a0dee34080 in path /workspace/source"}

Showing logs for build [32mmeta-seldonio-seldon-core-pr-11-79pwd-9[0m stage [32mmeta-pipeline[0m and container [32mstep-git-merge[0m
Using SHAs from PULL_REFS=master:9dd2ab77f906a3c09f270f27db9154a0dee34080,1142:d193d0c0d68f5bfb2f4237704594f2745055ff09
DEBUG: ran git fetch --unshallow origin d193d0c0d68f5bfb2f4237704594f2745055ff09: 9dd2ab77f906a3c09f270f27db9154a0dee34080: in 
DEBUG: ran git checkout master in 
DEBUG: ran git reset --hard 9dd2ab77f906a3c09f270f27db9154a0dee34080 in 
DEBUG: ran clean --force -d . in 
error: error during merge: merging d193d0c0d68f5bfb2f4237704594f2745055ff09 into master: git output: Auto-merging operator/api/v1alpha2/seldondeployment_webhook.go
CONFLICT (content): Merge conflict in operator/api/v1alpha2/seldondeployment_webhook.go
Removing helm-charts/seldon-core-operator/templates/service_seldon-controller-manager-metrics-service.yaml
Removing helm-charts/seldon-core-operator/templates/clusterrolebinding_seldon-proxy-rolebinding.yaml
Removing helm-charts/seldon-core-operator/templates/clusterrolebinding_seldon-manager-css-rolebinding.yaml
Removing helm-charts/seldon-core-operator/templates/clusterrole_seldon-proxy-role.yaml
Auto-merging helm-charts/seldon-core-operator/templates/clusterrole_seldon-manager-sas-role.yaml
Automatic merge failed; fix conflicts and then commit the result.: failed to run 'git merge d193d0c0d68f5bfb2f4237704594f2745055ff09' command in directory '', output: 'Auto-merging operator/api/v1alpha2/seldondeployment_webhook.go
CONFLICT (content): Merge conflict in operator/api/v1alpha2/seldondeployment_webhook.go
Removing helm-charts/seldon-core-operator/templates/service_seldon-controller-manager-metrics-service.yaml
Removing helm-charts/seldon-core-operator/templates/clusterrolebinding_seldon-proxy-rolebinding.yaml
Removing helm-charts/seldon-core-operator/templates/clusterrolebinding_seldon-manager-css-rolebinding.yaml
Removing helm-charts/seldon-core-operator/templates/clusterrole_seldon-proxy-role.yaml
Auto-merging helm-charts/seldon-core-operator/templates/clusterrole_seldon-manager-sas-role.yaml
Automatic merge failed; fix conflicts and then commit the result.'
[31m
Pipeline failed on stage 'meta-pipeline' : container 'step-git-merge'. The execution of the pipeline has stopped.[0m
