
Showing logs for build [32mseldonio-seldon-core-pr-1219-li-2[0m stage [32mpr-build-comment[0m and container [32mstep-credential-initializer-p7g86[0m
{"level":"warn","ts":1575898173.828497,"logger":"fallback-logger","caller":"logging/config.go:69","msg":"Fetch GitHub commit ID from kodata failed: \"ref: refs/heads/master\" is not a valid GitHub commit ID"}
{"level":"info","ts":1575898173.8289132,"logger":"fallback-logger","caller":"creds-init/main.go:40","msg":"Credentials initialized."}

Showing logs for build [32mseldonio-seldon-core-pr-1219-li-2[0m stage [32mpr-build-comment[0m and container [32mstep-working-dir-initializer-slfgg[0m
{"level":"warn","ts":1575898174.8245502,"logger":"fallback-logger","caller":"logging/config.go:69","msg":"Fetch GitHub commit ID from kodata failed: open /var/run/ko/HEAD: no such file or directory"}
{"level":"info","ts":1575898174.8260627,"logger":"fallback-logger","caller":"bash/main.go:65","msg":"Successfully executed command \"mkdir -p /workspace/source\""}

Showing logs for build [32mseldonio-seldon-core-pr-1219-li-2[0m stage [32mpr-build-comment[0m and container [32mstep-place-tools[0m

Showing logs for build [32mseldonio-seldon-core-pr-1219-li-2[0m stage [32mpr-build-comment[0m and container [32mstep-git-source-seldonio-seldon-core-pr-1219-li-pkhbk[0m
{"level":"warn","ts":1575898181.0658855,"logger":"fallback-logger","caller":"logging/config.go:69","msg":"Fetch GitHub commit ID from kodata failed: \"ref: refs/heads/master\" is not a valid GitHub commit ID"}
{"level":"info","ts":1575898184.5707603,"logger":"fallback-logger","caller":"git/git.go:102","msg":"Successfully cloned https://github.com/SeldonIO/seldon-core.git @ master in path /workspace/source"}

Showing logs for build [32mseldonio-seldon-core-pr-1219-li-2[0m stage [32mpr-build-comment[0m and container [32mstep-git-merge[0m
Using SHAs from PULL_REFS=master:57be6dfb472f3a69a6cde1c546a3e4a9568b1ae8,1219:8d429c6c1164a9916f8b7017df988848dc691f20
DEBUG: ran git fetch --unshallow origin 8d429c6c1164a9916f8b7017df988848dc691f20: 57be6dfb472f3a69a6cde1c546a3e4a9568b1ae8: in 
DEBUG: ran git checkout master in 
DEBUG: ran git reset --hard 57be6dfb472f3a69a6cde1c546a3e4a9568b1ae8 in 
DEBUG: ran clean --force -d . in 
DEBUG: ran git merge 8d429c6c1164a9916f8b7017df988848dc691f20 in 
Merged SHA 8d429c6c1164a9916f8b7017df988848dc691f20 with commit message 'add strdata example' into base branch master

Showing logs for build [32mseldonio-seldon-core-pr-1219-li-2[0m stage [32mpr-build-comment[0m and container [32mstep-step2[0m
+++ dirname ./add-pr-build-comment
++ cd .
++ pwd
+ STARTUP_DIR=/workspace/source/ci
+ REPO_OWNER=SeldonIO
+ REPO_NAME=seldon-core
+ PULL_NUMBER=1219
+ BUILD_NUMBER=2
+ PIPELINE_CONTEXT=lint
++ cat
+++ date
+ COMMENT_MSG='Mon Dec  9 13:29:50 UTC 2019
The logs for [lint] [2] will show after the pipeline context has finished.  
https://github.com/SeldonIO/seldon-core/blob/gh-pages/jenkins-x/logs/SeldonIO/seldon-core/PR-1219/2.log

impatient try  
** get build logs SeldonIO/seldon-core/PR-1219 --build=2'
+ ** step pr comment --owner=SeldonIO --repository=seldon-core --pull-request=1219 '--comment=Mon Dec  9 13:29:50 UTC 2019
The logs for [lint] [2] will show after the pipeline context has finished.  
https://github.com/SeldonIO/seldon-core/blob/gh-pages/jenkins-x/logs/SeldonIO/seldon-core/PR-1219/2.log

impatient try  
** get build logs SeldonIO/seldon-core/PR-1219 --build=2'

Showing logs for build [32mseldonio-seldon-core-pr-1219-li-2[0m stage [32mpr-build-comment[0m and container [32mstep-source-mkdir-seldonio-seldon-core-pr-1219-li-jkb4m[0m
{"level":"warn","ts":1575898193.1078558,"logger":"fallback-logger","caller":"logging/config.go:69","msg":"Fetch GitHub commit ID from kodata failed: open /var/run/ko/HEAD: no such file or directory"}
{"level":"info","ts":1575898193.111135,"logger":"fallback-logger","caller":"bash/main.go:65","msg":"Successfully executed command \"mkdir -p /pvc/pr-build-comment/workspace\""}

Showing logs for build [32mseldonio-seldon-core-pr-1219-li-2[0m stage [32mpr-build-comment[0m and container [32mstep-source-copy-seldonio-seldon-core-pr-1219-li-c44c9[0m
{"level":"warn","ts":1575898193.3401377,"logger":"fallback-logger","caller":"logging/config.go:69","msg":"Fetch GitHub commit ID from kodata failed: open /var/run/ko/HEAD: no such file or directory"}
{"level":"info","ts":1575898193.5638564,"logger":"fallback-logger","caller":"bash/main.go:65","msg":"Successfully executed command \"cp -r /workspace/source/. /pvc/pr-build-comment/workspace\""}

Showing logs for build [32mseldonio-seldon-core-pr-1219-li-2[0m stage [32mpython-lint-task[0m and container [32mstep-credential-initializer-bxbdf[0m
{"level":"warn","ts":1575898213.8449438,"logger":"fallback-logger","caller":"logging/config.go:69","msg":"Fetch GitHub commit ID from kodata failed: \"ref: refs/heads/master\" is not a valid GitHub commit ID"}
{"level":"info","ts":1575898213.845519,"logger":"fallback-logger","caller":"creds-init/main.go:40","msg":"Credentials initialized."}

Showing logs for build [32mseldonio-seldon-core-pr-1219-li-2[0m stage [32mpython-lint-task[0m and container [32mstep-working-dir-initializer-md74t[0m
{"level":"warn","ts":1575898214.4747465,"logger":"fallback-logger","caller":"logging/config.go:69","msg":"Fetch GitHub commit ID from kodata failed: open /var/run/ko/HEAD: no such file or directory"}
{"level":"info","ts":1575898214.476526,"logger":"fallback-logger","caller":"bash/main.go:65","msg":"Successfully executed command \"mkdir -p /workspace/source\""}

Showing logs for build [32mseldonio-seldon-core-pr-1219-li-2[0m stage [32mpython-lint-task[0m and container [32mstep-place-tools[0m

Showing logs for build [32mseldonio-seldon-core-pr-1219-li-2[0m stage [32mpython-lint-task[0m and container [32mstep-create-dir-workspace-k7ckc[0m
{"level":"warn","ts":1575898220.445907,"logger":"fallback-logger","caller":"logging/config.go:69","msg":"Fetch GitHub commit ID from kodata failed: open /var/run/ko/HEAD: no such file or directory"}
{"level":"info","ts":1575898220.4482262,"logger":"fallback-logger","caller":"bash/main.go:65","msg":"Successfully executed command \"mkdir -p /workspace/source\""}

Showing logs for build [32mseldonio-seldon-core-pr-1219-li-2[0m stage [32mpython-lint-task[0m and container [32mstep-source-copy-workspace-5wdr9[0m
{"level":"warn","ts":1575898220.7301292,"logger":"fallback-logger","caller":"logging/config.go:69","msg":"Fetch GitHub commit ID from kodata failed: open /var/run/ko/HEAD: no such file or directory"}
{"level":"info","ts":1575898224.2295022,"logger":"fallback-logger","caller":"bash/main.go:65","msg":"Successfully executed command \"cp -r /pvc/pr-build-comment/workspace/. /workspace/source\""}

Showing logs for build [32mseldonio-seldon-core-pr-1219-li-2[0m stage [32mpython-lint-task[0m and container [32mstep-python-lint[0m
make: Entering directory '/workspace/source/python'
pip install black==19.3b0
Collecting black==19.3b0
  Downloading https://files.pythonhosted.org/packages/30/62/cf549544a5fe990bbaeca21e9c419501b2de7a701ab0afb377bc81676600/black-19.3b0-py36-none-any.whl (89kB)
Collecting appdirs
  Downloading https://files.pythonhosted.org/packages/56/eb/810e700ed1349edde4cbdc1b2a21e28cdf115f9faf263f6bbf8447c1abf3/appdirs-1.4.3-py2.py3-none-any.whl
Collecting click>=6.5
  Downloading https://files.pythonhosted.org/packages/fa/37/45185cb5abbc30d7257104c434fe0b07e5a195a6847506c074527aa599ec/Click-7.0-py2.py3-none-any.whl (81kB)
Collecting toml>=0.9.4
  Downloading https://files.pythonhosted.org/packages/a2/12/ced7105d2de62fa7c8fb5fce92cc4ce66b57c95fb875e9318dba7f8c5db0/toml-0.10.0-py2.py3-none-any.whl
Collecting attrs>=18.1.0
  Downloading https://files.pythonhosted.org/packages/a2/db/4313ab3be961f7a763066401fb77f7748373b6094076ae2bda2806988af6/attrs-19.3.0-py2.py3-none-any.whl
Installing collected packages: appdirs, click, toml, attrs, black
Successfully installed appdirs-1.4.3 attrs-19.3.0 black-19.3b0 click-7.0 toml-0.10.0
black \
	--check ./ ../testing \
	--exclude "(testing/scripts/proto|seldon_core/proto/|.eggs|.tox)"
All done! ✨ 🍰 ✨
49 files would be left unchanged.
make: Leaving directory '/workspace/source/python'
