
Showing logs for build [32mseldonio-seldon-core-pr-1186-li-rvltk-9[0m stage [32mpython-lint-task[0m and container [32mstep-credential-initializer-lb42n[0m
{"level":"warn","ts":1575552984.536279,"logger":"fallback-logger","caller":"logging/config.go:69","msg":"Fetch GitHub commit ID from kodata failed: \"ref: refs/heads/master\" is not a valid GitHub commit ID"}
{"level":"info","ts":1575552984.5368938,"logger":"fallback-logger","caller":"creds-init/main.go:40","msg":"Credentials initialized."}

Showing logs for build [32mseldonio-seldon-core-pr-1186-li-rvltk-9[0m stage [32mpython-lint-task[0m and container [32mstep-working-dir-initializer-jsnbf[0m
{"level":"warn","ts":1575552985.9142387,"logger":"fallback-logger","caller":"logging/config.go:69","msg":"Fetch GitHub commit ID from kodata failed: open /var/run/ko/HEAD: no such file or directory"}
{"level":"info","ts":1575552985.9157634,"logger":"fallback-logger","caller":"bash/main.go:65","msg":"Successfully executed command \"mkdir -p /workspace/source\""}

Showing logs for build [32mseldonio-seldon-core-pr-1186-li-rvltk-9[0m stage [32mpython-lint-task[0m and container [32mstep-place-tools[0m

Showing logs for build [32mseldonio-seldon-core-pr-1186-li-rvltk-9[0m stage [32mpython-lint-task[0m and container [32mstep-git-source-seldonio-seldon-core-pr-1186-li-crj2x[0m
{"level":"warn","ts":1575552994.1190248,"logger":"fallback-logger","caller":"logging/config.go:69","msg":"Fetch GitHub commit ID from kodata failed: \"ref: refs/heads/master\" is not a valid GitHub commit ID"}
{"level":"info","ts":1575552997.5944638,"logger":"fallback-logger","caller":"git/git.go:102","msg":"Successfully cloned https://github.com/SeldonIO/seldon-core.git @ master in path /workspace/source"}

Showing logs for build [32mseldonio-seldon-core-pr-1186-li-rvltk-9[0m stage [32mpython-lint-task[0m and container [32mstep-git-merge[0m
Using SHAs from PULL_REFS=master:91b69fbf81b27e03dc65aeaa6f327e0f2fdb02b6,1186:c76b1210b74b19a10105fbccf4c94dbd5cd8f48b
DEBUG: ran git fetch --unshallow origin c76b1210b74b19a10105fbccf4c94dbd5cd8f48b: 91b69fbf81b27e03dc65aeaa6f327e0f2fdb02b6: in 
DEBUG: ran git checkout master in 
DEBUG: ran git reset --hard 91b69fbf81b27e03dc65aeaa6f327e0f2fdb02b6 in 
DEBUG: ran clean --force -d . in 
DEBUG: ran git merge c76b1210b74b19a10105fbccf4c94dbd5cd8f48b in 
Merged SHA c76b1210b74b19a10105fbccf4c94dbd5cd8f48b with commit message 'Merge remote-tracking branch 'upstream/master' into 1138-helm3-integration-tests' into base branch master
Merged SHA 5fc07f14ff6fa90088cb946857b0896366de6422 with commit message 'Update jenkins yaml to use docker image 0.6' into base branch master
Merged SHA a0affbf169d8b2fed905dae463b2ffe16588b0a2 with commit message 'Update core builder docker version to 0.6' into base branch master
Merged SHA 8f41bd85744520b449d133902421920ad9dacbe6 with commit message 'Update docker image to use helm v3' into base branch master
Merged SHA 33a8344fd0c11321a602df67ee6a61514478cdf9 with commit message '#1138 update integration test script with helm 3.0' into base branch master

Showing logs for build [32mseldonio-seldon-core-pr-1186-li-rvltk-9[0m stage [32mpython-lint-task[0m and container [32mstep-python-lint[0m
make: Entering directory '/workspace/source/python'
pip install black==19.3b0
Collecting black==19.3b0
  Downloading https://files.pythonhosted.org/packages/30/62/cf549544a5fe990bbaeca21e9c419501b2de7a701ab0afb377bc81676600/black-19.3b0-py36-none-any.whl (89kB)
Collecting toml>=0.9.4
  Downloading https://files.pythonhosted.org/packages/a2/12/ced7105d2de62fa7c8fb5fce92cc4ce66b57c95fb875e9318dba7f8c5db0/toml-0.10.0-py2.py3-none-any.whl
Collecting attrs>=18.1.0
  Downloading https://files.pythonhosted.org/packages/a2/db/4313ab3be961f7a763066401fb77f7748373b6094076ae2bda2806988af6/attrs-19.3.0-py2.py3-none-any.whl
Collecting click>=6.5
  Downloading https://files.pythonhosted.org/packages/fa/37/45185cb5abbc30d7257104c434fe0b07e5a195a6847506c074527aa599ec/Click-7.0-py2.py3-none-any.whl (81kB)
Collecting appdirs
  Downloading https://files.pythonhosted.org/packages/56/eb/810e700ed1349edde4cbdc1b2a21e28cdf115f9faf263f6bbf8447c1abf3/appdirs-1.4.3-py2.py3-none-any.whl
Installing collected packages: toml, attrs, click, appdirs, black
Successfully installed appdirs-1.4.3 attrs-19.3.0 black-19.3b0 click-7.0 toml-0.10.0
black \
	--check ./ ../testing \
	--exclude "(testing/scripts/proto|seldon_core/proto/|.eggs|.tox)"
All done! ✨ 🍰 ✨
49 files would be left unchanged.
make: Leaving directory '/workspace/source/python'
