
Showing logs for build [32mseldonio-seldon-core-pr-1096-li-dtsw6-7[0m stage [32mpr-build-comment[0m and container [32mstep-credential-initializer-b5fsg[0m
{"level":"warn","ts":1575907028.2626147,"logger":"fallback-logger","caller":"logging/config.go:69","msg":"Fetch GitHub commit ID from kodata failed: \"ref: refs/heads/master\" is not a valid GitHub commit ID"}
{"level":"info","ts":1575907028.2630916,"logger":"fallback-logger","caller":"creds-init/main.go:40","msg":"Credentials initialized."}

Showing logs for build [32mseldonio-seldon-core-pr-1096-li-dtsw6-7[0m stage [32mpr-build-comment[0m and container [32mstep-working-dir-initializer-7gct6[0m
{"level":"warn","ts":1575907029.2842882,"logger":"fallback-logger","caller":"logging/config.go:69","msg":"Fetch GitHub commit ID from kodata failed: open /var/run/ko/HEAD: no such file or directory"}
{"level":"info","ts":1575907029.2858796,"logger":"fallback-logger","caller":"bash/main.go:65","msg":"Successfully executed command \"mkdir -p /workspace/source\""}

Showing logs for build [32mseldonio-seldon-core-pr-1096-li-dtsw6-7[0m stage [32mpr-build-comment[0m and container [32mstep-place-tools[0m

Showing logs for build [32mseldonio-seldon-core-pr-1096-li-dtsw6-7[0m stage [32mpr-build-comment[0m and container [32mstep-git-source-seldonio-seldon-core-pr-1096-li-nvb9q[0m
{"level":"warn","ts":1575907035.4216824,"logger":"fallback-logger","caller":"logging/config.go:69","msg":"Fetch GitHub commit ID from kodata failed: \"ref: refs/heads/master\" is not a valid GitHub commit ID"}
{"level":"info","ts":1575907038.9340706,"logger":"fallback-logger","caller":"git/git.go:102","msg":"Successfully cloned https://github.com/SeldonIO/seldon-core.git @ master in path /workspace/source"}

Showing logs for build [32mseldonio-seldon-core-pr-1096-li-dtsw6-7[0m stage [32mpr-build-comment[0m and container [32mstep-git-merge[0m
Using SHAs from PULL_REFS=master:95e17fc0dac0ab4e9cd6da16a4ce91ac8d246713,1096:c5ba32a1a0bb47369729f6ff88b405107f398b7d
DEBUG: ran git fetch --unshallow origin c5ba32a1a0bb47369729f6ff88b405107f398b7d: 95e17fc0dac0ab4e9cd6da16a4ce91ac8d246713: in 
DEBUG: ran git checkout master in 
DEBUG: ran git reset --hard 95e17fc0dac0ab4e9cd6da16a4ce91ac8d246713 in 
DEBUG: ran clean --force -d . in 
DEBUG: ran git merge c5ba32a1a0bb47369729f6ff88b405107f398b7d in 
Merged SHA c5ba32a1a0bb47369729f6ff88b405107f398b7d with commit message 'Merge branch 'master' into 821_meta_seldon_client' into base branch master
Merged SHA 4f9217aac3ed30677345c0bc472016d8b04c2fae with commit message 'Fix lint errors' into base branch master
Merged SHA c3c7fdd9ddc308ca19010077805f374f38904312 with commit message 'rebase' into base branch master
Merged SHA ed5ec7bd16d6f15e67ad18483e242f961f864953 with commit message 'Allow meta data to be provided in seldon_client' into base branch master

Showing logs for build [32mseldonio-seldon-core-pr-1096-li-dtsw6-7[0m stage [32mpr-build-comment[0m and container [32mstep-step2[0m
+++ dirname ./add-pr-build-comment
++ cd .
++ pwd
+ STARTUP_DIR=/workspace/source/ci
+ REPO_OWNER=SeldonIO
+ REPO_NAME=seldon-core
+ PULL_NUMBER=1096
+ BUILD_NUMBER=7
+ PIPELINE_CONTEXT=lint
++ cat
+++ date
+ COMMENT_MSG='Mon Dec  9 15:57:24 UTC 2019
The logs for [lint] [7] will show after the pipeline context has finished.  
https://github.com/SeldonIO/seldon-core/blob/gh-pages/jenkins-x/logs/SeldonIO/seldon-core/PR-1096/7.log

impatient try  
** get build logs SeldonIO/seldon-core/PR-1096 --build=7'
+ ** step pr comment --owner=SeldonIO --repository=seldon-core --pull-request=1096 '--comment=Mon Dec  9 15:57:24 UTC 2019
The logs for [lint] [7] will show after the pipeline context has finished.  
https://github.com/SeldonIO/seldon-core/blob/gh-pages/jenkins-x/logs/SeldonIO/seldon-core/PR-1096/7.log

impatient try  
** get build logs SeldonIO/seldon-core/PR-1096 --build=7'

Showing logs for build [32mseldonio-seldon-core-pr-1096-li-dtsw6-7[0m stage [32mpr-build-comment[0m and container [32mstep-source-mkdir-seldonio-seldon-core-pr-1096-li-sn5zx[0m
{"level":"warn","ts":1575907047.1633933,"logger":"fallback-logger","caller":"logging/config.go:69","msg":"Fetch GitHub commit ID from kodata failed: open /var/run/ko/HEAD: no such file or directory"}
{"level":"info","ts":1575907047.1668208,"logger":"fallback-logger","caller":"bash/main.go:65","msg":"Successfully executed command \"mkdir -p /pvc/pr-build-comment/workspace\""}

Showing logs for build [32mseldonio-seldon-core-pr-1096-li-dtsw6-7[0m stage [32mpr-build-comment[0m and container [32mstep-source-copy-seldonio-seldon-core-pr-1096-li-lmpbj[0m
{"level":"warn","ts":1575907047.4360952,"logger":"fallback-logger","caller":"logging/config.go:69","msg":"Fetch GitHub commit ID from kodata failed: open /var/run/ko/HEAD: no such file or directory"}
{"level":"info","ts":1575907047.6794589,"logger":"fallback-logger","caller":"bash/main.go:65","msg":"Successfully executed command \"cp -r /workspace/source/. /pvc/pr-build-comment/workspace\""}

Showing logs for build [32mseldonio-seldon-core-pr-1096-li-dtsw6-7[0m stage [32mpython-lint-task[0m and container [32mstep-credential-initializer-h2vhq[0m
{"level":"warn","ts":1575907089.340183,"logger":"fallback-logger","caller":"logging/config.go:69","msg":"Fetch GitHub commit ID from kodata failed: \"ref: refs/heads/master\" is not a valid GitHub commit ID"}
{"level":"info","ts":1575907089.3408456,"logger":"fallback-logger","caller":"creds-init/main.go:40","msg":"Credentials initialized."}

Showing logs for build [32mseldonio-seldon-core-pr-1096-li-dtsw6-7[0m stage [32mpython-lint-task[0m and container [32mstep-working-dir-initializer-tdpsc[0m
{"level":"warn","ts":1575907090.3101118,"logger":"fallback-logger","caller":"logging/config.go:69","msg":"Fetch GitHub commit ID from kodata failed: open /var/run/ko/HEAD: no such file or directory"}
{"level":"info","ts":1575907090.3117173,"logger":"fallback-logger","caller":"bash/main.go:65","msg":"Successfully executed command \"mkdir -p /workspace/source\""}

Showing logs for build [32mseldonio-seldon-core-pr-1096-li-dtsw6-7[0m stage [32mpython-lint-task[0m and container [32mstep-place-tools[0m

Showing logs for build [32mseldonio-seldon-core-pr-1096-li-dtsw6-7[0m stage [32mpython-lint-task[0m and container [32mstep-create-dir-workspace-zvzfn[0m
{"level":"warn","ts":1575907094.4239721,"logger":"fallback-logger","caller":"logging/config.go:69","msg":"Fetch GitHub commit ID from kodata failed: open /var/run/ko/HEAD: no such file or directory"}
{"level":"info","ts":1575907094.4260135,"logger":"fallback-logger","caller":"bash/main.go:65","msg":"Successfully executed command \"mkdir -p /workspace/source\""}

Showing logs for build [32mseldonio-seldon-core-pr-1096-li-dtsw6-7[0m stage [32mpython-lint-task[0m and container [32mstep-source-copy-workspace-vgzzw[0m
{"level":"warn","ts":1575907094.671902,"logger":"fallback-logger","caller":"logging/config.go:69","msg":"Fetch GitHub commit ID from kodata failed: open /var/run/ko/HEAD: no such file or directory"}
{"level":"info","ts":1575907096.6118274,"logger":"fallback-logger","caller":"bash/main.go:65","msg":"Successfully executed command \"cp -r /pvc/pr-build-comment/workspace/. /workspace/source\""}

Showing logs for build [32mseldonio-seldon-core-pr-1096-li-dtsw6-7[0m stage [32mpython-lint-task[0m and container [32mstep-python-lint[0m
make: Entering directory '/workspace/source/python'
pip install black==19.3b0
Collecting black==19.3b0
  Downloading https://files.pythonhosted.org/packages/30/62/cf549544a5fe990bbaeca21e9c419501b2de7a701ab0afb377bc81676600/black-19.3b0-py36-none-any.whl (89kB)
Collecting attrs>=18.1.0
  Downloading https://files.pythonhosted.org/packages/a2/db/4313ab3be961f7a763066401fb77f7748373b6094076ae2bda2806988af6/attrs-19.3.0-py2.py3-none-any.whl
Collecting click>=6.5
  Downloading https://files.pythonhosted.org/packages/fa/37/45185cb5abbc30d7257104c434fe0b07e5a195a6847506c074527aa599ec/Click-7.0-py2.py3-none-any.whl (81kB)
Collecting appdirs
  Downloading https://files.pythonhosted.org/packages/56/eb/810e700ed1349edde4cbdc1b2a21e28cdf115f9faf263f6bbf8447c1abf3/appdirs-1.4.3-py2.py3-none-any.whl
Collecting toml>=0.9.4
  Downloading https://files.pythonhosted.org/packages/a2/12/ced7105d2de62fa7c8fb5fce92cc4ce66b57c95fb875e9318dba7f8c5db0/toml-0.10.0-py2.py3-none-any.whl
Installing collected packages: attrs, click, appdirs, toml, black
Successfully installed appdirs-1.4.3 attrs-19.3.0 black-19.3b0 click-7.0 toml-0.10.0
black \
	--check ./ ../testing \
	--exclude "(testing/scripts/proto|seldon_core/proto/|.eggs|.tox)"
would reformat /workspace/source/python/tests/test_seldon_client.py
All done! 💥 💔 💥
1 file would be reformatted, 48 files would be left unchanged.
make: *** [run_linter_check] Error 1
Makefile:100: recipe for target 'run_linter_check' failed
make: Leaving directory '/workspace/source/python'
[31m
Pipeline failed on stage 'python-lint-task' : container 'step-python-lint'. The execution of the pipeline has stopped.[0m
